[INFO] 23:16:47:525 BROKER/(4967:4967): - CONFIGURACION IMPORTADA

[INFO] 23:16:47:526 BROKER/(4967:4967): · Puerto escucha = 6009
[INFO] 23:16:47:527 BROKER/(4967:4967): · IP  = 127.0.0.1
[INFO] 10:26:16:475 BROKER/(3189:3189): - CONFIGURACION IMPORTADA

[INFO] 10:26:16:480 BROKER/(3189:3189): · Puerto escucha = 6009
[INFO] 10:26:16:480 BROKER/(3189:3189): · IP  = 127.0.0.1
[INFO] 10:44:24:797 BROKER/(3915:3915): - CONFIGURACION IMPORTADA

[INFO] 10:44:24:805 BROKER/(3915:3915): · Puerto escucha = 6009
[INFO] 10:44:24:805 BROKER/(3915:3915): · IP  = 127.0.0.1
[INFO] 10:44:59:926 BROKER/(3938:3938): - CONFIGURACION IMPORTADA

[INFO] 10:44:59:926 BROKER/(3938:3938): · Puerto escucha = 6009
[INFO] 10:44:59:927 BROKER/(3938:3938): · IP  = 127.0.0.1
[INFO] 10:46:46:921 BROKER/(4084:4084): - CONFIGURACION IMPORTADA

[INFO] 10:46:46:922 BROKER/(4084:4084): · Puerto escucha = 6009
[INFO] 10:46:46:922 BROKER/(4084:4084): · IP  = 127.0.0.1
[INFO] 10:48:12:977 BROKER/(4101:4101): - CONFIGURACION IMPORTADA

[INFO] 10:48:12:978 BROKER/(4101:4101): · Puerto escucha = 6009
[INFO] 10:48:12:978 BROKER/(4101:4101): · IP  = 127.0.0.1
[INFO] 11:06:35:584 BROKER/(4690:4690): - CONFIGURACION IMPORTADA

[INFO] 11:06:35:589 BROKER/(4690:4690): · Puerto escucha = 6009
[INFO] 11:06:35:589 BROKER/(4690:4690): · IP  = 127.0.0.1
[INFO] 11:06:52:575 BROKER/(4704:4704): - CONFIGURACION IMPORTADA

[INFO] 11:06:52:575 BROKER/(4704:4704): · Puerto escucha = 6009
[INFO] 11:06:52:576 BROKER/(4704:4704): · IP  = 127.0.0.1
[INFO] 13:57:32:969 BROKER/(9279:9279): - CONFIGURACION IMPORTADA

[INFO] 13:57:32:984 BROKER/(9279:9279): · Puerto escucha = 6009
[INFO] 13:57:32:984 BROKER/(9279:9279): · IP  = 127.0.0.1
[INFO] 14:13:26:95 BROKER/(9887:9887): - CONFIGURACION IMPORTADA

[INFO] 14:13:26:103 BROKER/(9887:9887): · Puerto escucha = 6009
[INFO] 14:13:26:103 BROKER/(9887:9887): · IP  = 127.0.0.1
[INFO] 14:13:38:328 BROKER/(9903:9903): - CONFIGURACION IMPORTADA

[INFO] 14:13:38:341 BROKER/(9903:9903): · Puerto escucha = 6009
[INFO] 14:13:38:341 BROKER/(9903:9903): · IP  = 127.0.0.1
[INFO] 14:21:12:835 BROKER/(10397:10397): - CONFIGURACION IMPORTADA

[INFO] 14:21:12:836 BROKER/(10397:10397): · Puerto escucha = 6009
[INFO] 14:21:12:836 BROKER/(10397:10397): · IP  = 127.0.0.1
[INFO] 14:25:58:210 BROKER/(10726:10726): - CONFIGURACION IMPORTADA

[INFO] 14:25:58:223 BROKER/(10726:10726): · Puerto escucha = 6009
[INFO] 14:25:58:223 BROKER/(10726:10726): · IP  = 127.0.0.1
[INFO] 14:37:26:712 BROKER/(11319:11319): - CONFIGURACION IMPORTADA

[INFO] 14:37:26:722 BROKER/(11319:11319): · Puerto escucha = 6009
[INFO] 14:37:26:722 BROKER/(11319:11319): · IP  = 127.0.0.1
[INFO] 14:42:29:701 BROKER/(11477:11477): - CONFIGURACION IMPORTADA

[INFO] 14:42:29:704 BROKER/(11477:11477): · Puerto escucha = 6009
[INFO] 14:42:29:704 BROKER/(11477:11477): · IP  = 127.0.0.1
[INFO] 14:43:08:246 BROKER/(11547:11547): - CONFIGURACION IMPORTADA

[INFO] 14:43:08:248 BROKER/(11547:11547): · Puerto escucha = 6009
[INFO] 14:43:08:248 BROKER/(11547:11547): · IP  = 127.0.0.1
[INFO] 16:11:20:107 BROKER/(13589:13589): - CONFIGURACION IMPORTADA

[INFO] 16:11:20:110 BROKER/(13589:13589): · Puerto escucha = 6009
[INFO] 16:11:20:110 BROKER/(13589:13589): · IP  = 127.0.0.1
[INFO] 20:31:46:357 BROKER/(15649:15649): - CONFIGURACION IMPORTADA

[INFO] 20:31:46:363 BROKER/(15649:15649): · Puerto escucha = 6009
[INFO] 20:31:46:363 BROKER/(15649:15649): · IP  = 127.0.0.1
[INFO] 20:32:58:764 BROKER/(15714:15714): - CONFIGURACION IMPORTADA

[INFO] 20:32:58:768 BROKER/(15714:15714): · Puerto escucha = 6009
[INFO] 20:32:58:768 BROKER/(15714:15714): · IP  = 127.0.0.1
[INFO] 20:34:48:303 BROKER/(15792:15792): - CONFIGURACION IMPORTADA

[INFO] 20:34:48:311 BROKER/(15792:15792): · Puerto escucha = 6009
[INFO] 20:34:48:311 BROKER/(15792:15792): · IP  = 127.0.0.1
[INFO] 03:15:15:634 BROKER/(8843:8843): - CONFIGURACION IMPORTADA

[INFO] 03:15:15:648 BROKER/(8843:8843): · Puerto escucha = 6009
[INFO] 03:15:15:648 BROKER/(8843:8843): · IP  = 127.0.0.1
[INFO] 03:25:50:461 BROKER/(9668:9668): - CONFIGURACION IMPORTADA

[INFO] 03:25:50:471 BROKER/(9668:9668): · Puerto escucha = 6009
[INFO] 03:25:50:472 BROKER/(9668:9668): · IP  = 127.0.0.1

[ERROR] 15:00:32:616 BROKER/(6253:6253): - NO SE PUDO IMPORTAR LA CONFIGURACION
[INFO] 15:01:44:115 BROKER/(6395:6395): - CONFIGURACION IMPORTADA

[INFO] 15:01:44:122 BROKER/(6395:6395): · Puerto escucha = 134535232
[INFO] 15:01:44:122 BROKER/(6395:6395): · IP  = 127.0.0.1
[INFO] 15:52:06:316 BROKER/(9222:9222): - CONFIGURACION IMPORTADA

[INFO] 15:52:06:352 BROKER/(9222:9222): · Puerto escucha = 6009
[INFO] 15:52:06:352 BROKER/(9222:9222): · IP  = 127.0.0.1

[ERROR] 11:39:13:490 BROKER/(4500:4500): - NO SE PUDO IMPORTAR LA CONFIGURACION
[ERROR] 11:42:12:19 BROKER/(4554:4554): - NO SE PUDO IMPORTAR LA CONFIGURACION
[ERROR] 11:43:02:711 BROKER/(4588:4588): - NO SE PUDO IMPORTAR LA CONFIGURACION
[INFO] 11:44:02:762 BROKER/(4654:4654): - CONFIGURACION IMPORTADA

[INFO] 11:44:02:763 BROKER/(4654:4654): · Puerto escucha = 6009
[INFO] 11:44:02:763 BROKER/(4654:4654): · IP  = 127.0.0.1
[INFO] 11:46:55:270 BROKER/(4866:4866): - CONFIGURACION IMPORTADA

[INFO] 11:46:55:278 BROKER/(4866:4866): · Puerto escucha = 6009
[INFO] 11:46:55:280 BROKER/(4866:4866): · IP  = 127.0.0.1
[INFO] 11:48:12:637 BROKER/(4943:4943): - CONFIGURACION IMPORTADA

[INFO] 11:48:12:638 BROKER/(4943:4943): · Puerto escucha = 6009
[INFO] 11:48:12:638 BROKER/(4943:4943): · IP  = 127.0.0.1
[INFO] 11:52:07:354 BROKER/(5073:5073): - CONFIGURACION IMPORTADA

[INFO] 11:52:07:359 BROKER/(5073:5073): · Puerto escucha = 6009
[INFO] 11:52:07:359 BROKER/(5073:5073): · IP  = 127.0.0.1
[INFO] 11:57:41:731 BROKER/(5364:5364): - CONFIGURACION IMPORTADA

[INFO] 11:57:41:742 BROKER/(5364:5364): · Puerto escucha = 6009
[INFO] 11:57:41:742 BROKER/(5364:5364): · IP  = 127.0.0.1
[INFO] 12:03:02:170 BROKER/(5595:5595): - CONFIGURACION IMPORTADA

[INFO] 12:03:02:182 BROKER/(5595:5595): · Puerto escucha = 6009
[INFO] 12:03:02:182 BROKER/(5595:5595): · IP  = 127.0.0.1
[INFO] 12:04:30:707 BROKER/(5714:5714): - CONFIGURACION IMPORTADA

[INFO] 12:04:30:720 BROKER/(5714:5714): · Puerto escucha = 6009
[INFO] 12:04:30:721 BROKER/(5714:5714): · IP  = 127.0.0.1
[INFO] 12:09:55:403 BROKER/(5832:5832): - CONFIGURACION IMPORTADA

[INFO] 12:09:55:406 BROKER/(5832:5832): · Puerto escucha = 6009
[INFO] 12:09:55:406 BROKER/(5832:5832): · IP  = 127.0.0.1
[INFO] 12:10:09:321 BROKER/(5857:5857): - CONFIGURACION IMPORTADA

[INFO] 12:10:09:327 BROKER/(5857:5857): · Puerto escucha = 6009
[INFO] 12:10:09:327 BROKER/(5857:5857): · IP  = 127.0.0.1
[INFO] 12:11:11:723 BROKER/(5953:5953): - CONFIGURACION IMPORTADA

[INFO] 12:11:11:723 BROKER/(5953:5953): · Puerto escucha = 6009
[INFO] 12:11:11:724 BROKER/(5953:5953): · IP  = 127.0.0.1
[INFO] 12:19:54:564 BROKER/(6154:6154): - CONFIGURACION IMPORTADA

[INFO] 12:19:54:572 BROKER/(6154:6154): · Puerto escucha = 6009
[INFO] 12:19:54:572 BROKER/(6154:6154): · IP  = 127.0.0.1
[INFO] 12:23:33:879 BROKER/(6338:6338): - CONFIGURACION IMPORTADA

[INFO] 12:23:33:893 BROKER/(6338:6338): · Puerto escucha = 6009
[INFO] 12:23:33:893 BROKER/(6338:6338): · IP  = 127.0.0.1
[INFO] 12:29:51:348 BROKER/(6552:6552): - CONFIGURACION IMPORTADA

[INFO] 12:29:51:350 BROKER/(6552:6552): · Puerto escucha = 6009
[INFO] 12:29:51:350 BROKER/(6552:6552): · IP  = 127.0.0.1
[INFO] 12:30:43:53 BROKER/(6629:6629): - CONFIGURACION IMPORTADA

[INFO] 12:30:43:54 BROKER/(6629:6629): · Puerto escucha = 6009
[INFO] 12:30:43:54 BROKER/(6629:6629): · IP  = 127.0.0.1
[INFO] 12:36:16:651 BROKER/(6861:6861): - CONFIGURACION IMPORTADA

[INFO] 12:36:16:667 BROKER/(6861:6861): · Puerto escucha = 6009
[INFO] 12:36:16:667 BROKER/(6861:6861): · IP  = 127.0.0.1

[ERROR] 11:03:05:107 BROKER/(3352:3352): - NO SE PUDO IMPORTAR LA CONFIGURACION
[INFO] 11:04:14:328 BROKER/(3726:3726): - CONFIGURACION IMPORTADA

[INFO] 11:04:14:332 BROKER/(3726:3726): · Puerto escucha = 6009
[INFO] 11:04:14:332 BROKER/(3726:3726): · IP  = 127.0.0.1
[INFO] 11:05:57:806 BROKER/(3798:3798): - CONFIGURACION IMPORTADA

[INFO] 11:05:57:807 BROKER/(3798:3798): · Puerto escucha = 6009
[INFO] 11:05:57:807 BROKER/(3798:3798): · IP  = 127.0.0.1
[INFO] 13:50:08:242 BROKER/(7579:7579): - CONFIGURACION IMPORTADA

[INFO] 13:50:08:250 BROKER/(7579:7579): · Puerto escucha = 6009
[INFO] 13:50:08:250 BROKER/(7579:7579): · IP  = 127.0.0.1
[INFO] 13:53:57:188 BROKER/(7744:7744): - CONFIGURACION IMPORTADA

[INFO] 13:53:57:188 BROKER/(7744:7744): · Puerto escucha = 6009
[INFO] 13:53:57:189 BROKER/(7744:7744): · IP  = 127.0.0.1
[INFO] 14:08:43:129 BROKER/(8180:8180): - CONFIGURACION IMPORTADA

[INFO] 14:08:43:136 BROKER/(8180:8180): · Puerto escucha = 6009
[INFO] 14:08:43:136 BROKER/(8180:8180): · IP  = 127.0.0.1
[INFO] 14:08:59:9 BROKER/(8215:8215): - CONFIGURACION IMPORTADA

[INFO] 14:08:59:10 BROKER/(8215:8215): · Puerto escucha = 6009
[INFO] 14:08:59:10 BROKER/(8215:8215): · IP  = 127.0.0.1
[INFO] 14:18:14:290 BROKER/(8482:8482): - CONFIGURACION IMPORTADA

[INFO] 14:18:14:294 BROKER/(8482:8482): · Puerto escucha = 6009
[INFO] 14:18:14:294 BROKER/(8482:8482): · IP  = 127.0.0.1
[INFO] 15:56:02:908 BROKER/(11572:11572): - CONFIGURACION IMPORTADA

[INFO] 15:56:02:929 BROKER/(11572:11572): · Puerto escucha = 6009
[INFO] 15:56:02:939 BROKER/(11572:11572): · IP  = 127.0.0.1
[INFO] 15:58:41:936 BROKER/(11681:11681): - CONFIGURACION IMPORTADA

[INFO] 15:58:41:937 BROKER/(11681:11681): · Puerto escucha = 6009
[INFO] 15:58:41:937 BROKER/(11681:11681): · IP  = 127.0.0.1
[INFO] 16:00:01:897 BROKER/(11719:11719): - CONFIGURACION IMPORTADA

[INFO] 16:00:01:914 BROKER/(11719:11719): · Puerto escucha = 6009
[INFO] 16:00:01:915 BROKER/(11719:11719): · IP  = 127.0.0.1
[INFO] 19:37:16:882 BROKER/(16947:16947): - CONFIGURACION IMPORTADA

[INFO] 19:37:16:882 BROKER/(16947:16947): · Puerto escucha = 6009
[INFO] 19:37:16:882 BROKER/(16947:16947): · IP  = 127.0.0.1
[INFO] 19:54:17:296 BROKER/(17567:17567): - CONFIGURACION IMPORTADA

[INFO] 19:54:17:297 BROKER/(17567:17567): · Puerto escucha = 5009
[INFO] 19:54:17:297 BROKER/(17567:17567): · IP  = 127.0.0.1
[INFO] 17:01:22:307 BROKER/(4814:4814): - CONFIGURACION IMPORTADA

[INFO] 17:01:22:315 BROKER/(4814:4814): · Puerto escucha = 5009
[INFO] 17:01:22:315 BROKER/(4814:4814): · IP  = 127.0.0.1
[INFO] 17:02:12:525 BROKER/(4888:4888): - CONFIGURACION IMPORTADA

[INFO] 17:02:12:526 BROKER/(4888:4888): · Puerto escucha = 5009
[INFO] 17:02:12:526 BROKER/(4888:4888): · IP  = 127.0.0.1
[INFO] 17:04:48:878 BROKER/(5332:5332): - CONFIGURACION IMPORTADA

[INFO] 17:04:48:881 BROKER/(5332:5332): · Puerto escucha = 5009
[INFO] 17:04:48:881 BROKER/(5332:5332): · IP  = 127.0.0.1
[INFO] 17:08:11:152 BROKER/(5501:5501): - CONFIGURACION IMPORTADA

[INFO] 17:08:11:157 BROKER/(5501:5501): · Puerto escucha = 5009
[INFO] 17:08:11:157 BROKER/(5501:5501): · IP  = 127.0.0.1
[INFO] 17:45:28:26 BROKER/(6407:6407): - CONFIGURACION IMPORTADA

[INFO] 17:45:28:29 BROKER/(6407:6407): · Puerto escucha = 5009
[INFO] 17:45:28:29 BROKER/(6407:6407): · IP  = 127.0.0.1
[INFO] 20:50:30:608 BROKER/(6529:6529): - CONFIGURACION IMPORTADA

[INFO] 20:50:30:617 BROKER/(6529:6529): · Puerto escucha = 5009
[INFO] 20:50:30:617 BROKER/(6529:6529): · IP  = 127.0.0.1
[INFO] 20:51:10:278 BROKER/(6545:6545): - CONFIGURACION IMPORTADA

[INFO] 20:51:10:280 BROKER/(6545:6545): · Puerto escucha = 5009
[INFO] 20:51:10:280 BROKER/(6545:6545): · IP  = 127.0.0.1
[INFO] 20:49:40:800 BROKER/(6794:6794): - CONFIGURACION IMPORTADA

[INFO] 20:54:25:566 BROKER/(7007:7007): - CONFIGURACION IMPORTADA

[INFO] 00:59:50:69 BROKER/(3849:3849): - CONFIGURACION IMPORTADA

[INFO] 01:01:20:1 BROKER/(3922:3922): - CONFIGURACION IMPORTADA

[INFO] 01:05:21:427 BROKER/(4044:4044): - CONFIGURACION IMPORTADA

[INFO] 01:08:13:138 BROKER/(4260:4260): - CONFIGURACION IMPORTADA

[INFO] 01:10:49:847 BROKER/(4384:4384): - CONFIGURACION IMPORTADA

[INFO] 01:41:15:533 BROKER/(4893:4893): - CONFIGURACION IMPORTADA

[INFO] 01:45:13:536 BROKER/(5043:5043): - CONFIGURACION IMPORTADA

[INFO] 01:46:36:459 BROKER/(5111:5111): - CONFIGURACION IMPORTADA

[INFO] 01:48:26:987 BROKER/(5328:5328): - CONFIGURACION IMPORTADA

[ERROR] 01:49:02:916 BROKER/(5378:5378): - NO SE PUDO IMPORTAR LA CONFIGURACION
[INFO] 01:50:34:70 BROKER/(5451:5451): - CONFIGURACION IMPORTADA

[INFO] 01:51:51:656 BROKER/(5491:5491): - CONFIGURACION IMPORTADA

[INFO] 01:53:03:224 BROKER/(5599:5599): - CONFIGURACION IMPORTADA

[INFO] 01:53:03:240 BROKER/(5599:5599): · Puerto escucha = 5009
[INFO] 01:53:03:240 BROKER/(5599:5599): · IP  = (null)
[INFO] 01:56:29:908 BROKER/(5734:5734): - CONFIGURACION IMPORTADA

[INFO] 02:00:59:174 BROKER/(5854:5854): - CONFIGURACION IMPORTADA

[INFO] 02:01:28:979 BROKER/(5866:5866): - CONFIGURACION IMPORTADA

[INFO] 03:06:59:898 BROKER/(7948:7948): - CONFIGURACION IMPORTADA

[INFO] 03:12:05:72 BROKER/(8182:8182): TAMANO_MEMORIA=2048
[INFO] 03:12:05:78 BROKER/(8182:8182): TAMANO_MINIMO_PARTICION=32
[INFO] 03:14:23:437 BROKER/(8302:8302): TAMANO_MEMORIA=2048
[INFO] 03:14:23:442 BROKER/(8302:8302): TAMANO_MINIMO_PARTICION=32
[INFO] 03:14:23:442 BROKER/(8302:8302): ALGORITMO_MEMORIA=BS
[INFO] 03:14:23:442 BROKER/(8302:8302): ALGORITMO_REEMPLAZO=FIFO
[INFO] 03:14:23:442 BROKER/(8302:8302): IP_BROKER=(null)
[INFO] 03:14:23:442 BROKER/(8302:8302): PUERTO_BROKER=5009
[INFO] 03:14:23:442 BROKER/(8302:8302): FRECUENCIA_COMPACTACION=3
[INFO] 03:14:23:442 BROKER/(8302:8302): LOG_FILE=(null)
[INFO] 03:14:23:442 BROKER/(8302:8302): - CONFIGURACION IMPORTADA

[INFO] 03:17:26:772 BROKER/(8461:8461): TAMANO_MEMORIA=2048
[INFO] 03:17:26:773 BROKER/(8461:8461): TAMANO_MINIMO_PARTICION=32
[INFO] 03:17:26:773 BROKER/(8461:8461): ALGORITMO_MEMORIA=BS
[INFO] 03:17:26:773 BROKER/(8461:8461): ALGORITMO_REEMPLAZO=FIFO
[INFO] 03:17:26:774 BROKER/(8461:8461): IP_BROKER=127.0.0.1
[INFO] 03:17:26:774 BROKER/(8461:8461): PUERTO_BROKER=5009
[INFO] 03:17:26:774 BROKER/(8461:8461): FRECUENCIA_COMPACTACION=3
[INFO] 03:17:26:774 BROKER/(8461:8461): LOG_FILE=BROKER.log
[INFO] 03:17:26:774 BROKER/(8461:8461): - CONFIGURACION IMPORTADA

[INFO] 03:17:26:774 BROKER/(8461:8461): Desde el main veo IP=127.0.0.1 y PUERTO=5009
[INFO] 03:21:48:585 BROKER/(8570:8570): TAMANO_MEMORIA=2048
[INFO] 03:21:48:586 BROKER/(8570:8570): TAMANO_MINIMO_PARTICION=32
[INFO] 03:21:48:586 BROKER/(8570:8570): ALGORITMO_MEMORIA=BS
[INFO] 03:21:48:586 BROKER/(8570:8570): ALGORITMO_REEMPLAZO=FIFO
[INFO] 03:21:48:587 BROKER/(8570:8570): IP_BROKER=127.0.0.1
[INFO] 03:21:48:587 BROKER/(8570:8570): PUERTO_BROKER=5009
[INFO] 03:21:48:587 BROKER/(8570:8570): FRECUENCIA_COMPACTACION=3
[INFO] 03:21:48:587 BROKER/(8570:8570): LOG_FILE=BROKER.log
[INFO] 03:21:48:587 BROKER/(8570:8570): - CONFIGURACION IMPORTADA

[INFO] 03:21:48:587 BROKER/(8570:8570): Desde el main veo IP=127.0.0.1 y PUERTO=5009
[INFO] 08:15:50:930 BROKER/(4247:4247): TAMANO_MEMORIA=2048
[INFO] 08:15:50:933 BROKER/(4247:4247): TAMANO_MINIMO_PARTICION=32
[INFO] 08:15:50:933 BROKER/(4247:4247): ALGORITMO_MEMORIA=BS
[INFO] 08:15:50:933 BROKER/(4247:4247): ALGORITMO_REEMPLAZO=FIFO
[INFO] 08:15:50:943 BROKER/(4247:4247): IP_BROKER=127.0.0.1
[INFO] 08:15:50:944 BROKER/(4247:4247): PUERTO_BROKER=5009
[INFO] 08:15:50:944 BROKER/(4247:4247): FRECUENCIA_COMPACTACION=3
[INFO] 08:15:50:944 BROKER/(4247:4247): LOG_FILE=BROKER.log
[INFO] 08:15:50:944 BROKER/(4247:4247): - CONFIGURACION IMPORTADA

[INFO] 08:15:50:944 BROKER/(4247:4247): Desde el main veo IP=127.0.0.1 y PUERTO=5009
[INFO] 08:18:12:239 BROKER/(4330:4330): TAMANO_MEMORIA=2048
[INFO] 08:18:12:246 BROKER/(4330:4330): TAMANO_MINIMO_PARTICION=32
[INFO] 08:18:12:246 BROKER/(4330:4330): ALGORITMO_MEMORIA=BS
[INFO] 08:18:12:246 BROKER/(4330:4330): ALGORITMO_REEMPLAZO=FIFO
[INFO] 08:18:12:246 BROKER/(4330:4330): IP_BROKER=127.0.0.1
[INFO] 08:18:12:246 BROKER/(4330:4330): PUERTO_BROKER=5009
[INFO] 08:18:12:246 BROKER/(4330:4330): FRECUENCIA_COMPACTACION=3
[INFO] 08:18:12:246 BROKER/(4330:4330): LOG_FILE=BROKER.log
[INFO] 08:18:12:247 BROKER/(4330:4330): - CONFIGURACION IMPORTADA

[INFO] 08:18:12:247 BROKER/(4330:4330): Desde el main veo IP=127.0.0.1 y PUERTO=5009
[INFO] 08:18:32:197 BROKER/(4360:4360): TAMANO_MEMORIA=2048
[INFO] 08:18:32:222 BROKER/(4360:4360): TAMANO_MINIMO_PARTICION=32
[INFO] 08:18:32:222 BROKER/(4360:4360): ALGORITMO_MEMORIA=BS
[INFO] 08:18:32:222 BROKER/(4360:4360): ALGORITMO_REEMPLAZO=FIFO
[INFO] 08:18:32:223 BROKER/(4360:4360): IP_BROKER=127.0.0.1
[INFO] 08:18:32:223 BROKER/(4360:4360): PUERTO_BROKER=5009
[INFO] 08:18:32:223 BROKER/(4360:4360): FRECUENCIA_COMPACTACION=3
[INFO] 08:18:32:223 BROKER/(4360:4360): LOG_FILE=BROKER.log
[INFO] 08:18:32:223 BROKER/(4360:4360): - CONFIGURACION IMPORTADA

[INFO] 08:18:32:223 BROKER/(4360:4360): Desde el main veo IP=127.0.0.1 y PUERTO=5009
[INFO] 09:12:08:888 BROKER/(5966:5966): TAMANO_MEMORIA=2048
[INFO] 09:12:08:893 BROKER/(5966:5966): TAMANO_MINIMO_PARTICION=32
[INFO] 09:12:08:893 BROKER/(5966:5966): ALGORITMO_MEMORIA=BS
[INFO] 09:12:08:893 BROKER/(5966:5966): ALGORITMO_REEMPLAZO=FIFO
[INFO] 09:12:08:893 BROKER/(5966:5966): IP_BROKER=127.0.0.1
[INFO] 09:12:08:893 BROKER/(5966:5966): PUERTO_BROKER=5009
[INFO] 09:12:08:893 BROKER/(5966:5966): FRECUENCIA_COMPACTACION=3
[INFO] 09:12:08:893 BROKER/(5966:5966): LOG_FILE=BROKER.log
[INFO] 09:12:08:893 BROKER/(5966:5966): - CONFIGURACION IMPORTADA

[INFO] 09:12:08:894 BROKER/(5966:5966): Desde el main veo IP=127.0.0.1 y PUERTO=5009
[INFO] 09:12:21:703 BROKER/(5980:5980): TAMANO_MEMORIA=2048
[INFO] 09:12:21:709 BROKER/(5980:5980): TAMANO_MINIMO_PARTICION=32
[INFO] 09:12:21:709 BROKER/(5980:5980): ALGORITMO_MEMORIA=BS
[INFO] 09:12:21:709 BROKER/(5980:5980): ALGORITMO_REEMPLAZO=FIFO
[INFO] 09:12:21:710 BROKER/(5980:5980): IP_BROKER=127.0.0.1
[INFO] 09:12:21:710 BROKER/(5980:5980): PUERTO_BROKER=5009
[INFO] 09:12:21:710 BROKER/(5980:5980): FRECUENCIA_COMPACTACION=3
[INFO] 09:12:21:710 BROKER/(5980:5980): LOG_FILE=BROKER.log
[INFO] 09:12:21:710 BROKER/(5980:5980): - CONFIGURACION IMPORTADA

[INFO] 09:12:21:710 BROKER/(5980:5980): Desde el main veo IP=127.0.0.1 y PUERTO=5009
[INFO] 09:23:39:839 BROKER/(6220:6220): TAMANO_MEMORIA=2048
[INFO] 09:23:39:848 BROKER/(6220:6220): TAMANO_MINIMO_PARTICION=32
[INFO] 09:23:39:848 BROKER/(6220:6220): ALGORITMO_MEMORIA=BS
[INFO] 09:23:39:848 BROKER/(6220:6220): ALGORITMO_REEMPLAZO=FIFO
[INFO] 09:23:39:848 BROKER/(6220:6220): IP_BROKER=127.0.0.1
[INFO] 09:23:39:848 BROKER/(6220:6220): PUERTO_BROKER=5009
[INFO] 09:23:39:848 BROKER/(6220:6220): FRECUENCIA_COMPACTACION=3
[INFO] 09:23:39:849 BROKER/(6220:6220): LOG_FILE=BROKER.log
[INFO] 09:23:39:849 BROKER/(6220:6220): - CONFIGURACION IMPORTADA

[INFO] 09:23:39:849 BROKER/(6220:6220): Desde el main veo IP=127.0.0.1 y PUERTO=5009
[INFO] 09:25:52:706 BROKER/(6336:6336): TAMANO_MEMORIA=2048
[INFO] 09:25:52:721 BROKER/(6336:6336): TAMANO_MINIMO_PARTICION=32
[INFO] 09:25:52:721 BROKER/(6336:6336): ALGORITMO_MEMORIA=BS
[INFO] 09:25:52:721 BROKER/(6336:6336): ALGORITMO_REEMPLAZO=FIFO
[INFO] 09:25:52:721 BROKER/(6336:6336): IP_BROKER=127.0.0.1
[INFO] 09:25:52:721 BROKER/(6336:6336): PUERTO_BROKER=5009
[INFO] 09:25:52:721 BROKER/(6336:6336): FRECUENCIA_COMPACTACION=3
[INFO] 09:25:52:721 BROKER/(6336:6336): LOG_FILE=BROKER.log
[INFO] 09:25:52:721 BROKER/(6336:6336): - CONFIGURACION IMPORTADA

[INFO] 09:25:52:721 BROKER/(6336:6336): Desde el main veo IP=127.0.0.1 y PUERTO=5009
[INFO] 09:28:15:107 BROKER/(6513:6513): TAMANO_MEMORIA=2048
[INFO] 09:28:15:117 BROKER/(6513:6513): TAMANO_MINIMO_PARTICION=32
[INFO] 09:28:15:127 BROKER/(6513:6513): ALGORITMO_MEMORIA=BS
[INFO] 09:28:15:128 BROKER/(6513:6513): ALGORITMO_REEMPLAZO=FIFO
[INFO] 09:28:15:128 BROKER/(6513:6513): IP_BROKER=127.0.0.1
[INFO] 09:28:15:128 BROKER/(6513:6513): PUERTO_BROKER=5009
[INFO] 09:28:15:128 BROKER/(6513:6513): FRECUENCIA_COMPACTACION=3
[INFO] 09:28:15:128 BROKER/(6513:6513): LOG_FILE=BROKER.log
[INFO] 09:28:15:128 BROKER/(6513:6513): - CONFIGURACION IMPORTADA

[INFO] 09:28:15:132 BROKER/(6513:6513): Desde el main veo IP=127.0.0.1 y PUERTO=5009
[INFO] 09:29:04:469 BROKER/(6580:6580): - CONFIGURACION IMPORTADA

[INFO] 09:29:04:469 BROKER/(6580:6580): · Puerto escucha = 5009
[INFO] 09:29:04:470 BROKER/(6580:6580): · IP  = 127.0.0.1
[INFO] 18:32:33:572 BROKER/(3711:3711): TAMANO_MEMORIA=2048
[INFO] 18:32:33:579 BROKER/(3711:3711): TAMANO_MINIMO_PARTICION=32
[INFO] 18:32:33:580 BROKER/(3711:3711): ALGORITMO_MEMORIA=BS
[INFO] 18:32:33:580 BROKER/(3711:3711): ALGORITMO_REEMPLAZO=FIFO
[INFO] 18:32:33:580 BROKER/(3711:3711): IP_BROKER=127.0.0.1
[INFO] 18:32:33:584 BROKER/(3711:3711): PUERTO_BROKER=5009
[INFO] 18:32:33:584 BROKER/(3711:3711): FRECUENCIA_COMPACTACION=3
[INFO] 18:32:33:585 BROKER/(3711:3711): LOG_FILE=BROKER.log
[INFO] 18:32:33:585 BROKER/(3711:3711): - CONFIGURACION IMPORTADA

[INFO] 18:32:33:585 BROKER/(3711:3711): Desde el main veo IP=127.0.0.1 y PUERTO=5009
[INFO] 18:43:53:927 BROKER/(4089:4089): TAMANO_MEMORIA=2048
[INFO] 18:43:53:933 BROKER/(4089:4089): TAMANO_MINIMO_PARTICION=32
[INFO] 18:43:53:934 BROKER/(4089:4089): ALGORITMO_MEMORIA=BS
[INFO] 18:43:53:934 BROKER/(4089:4089): ALGORITMO_REEMPLAZO=FIFO
[INFO] 18:43:53:934 BROKER/(4089:4089): IP_BROKER=127.0.0.1
[INFO] 18:43:53:934 BROKER/(4089:4089): PUERTO_BROKER=5009
[INFO] 18:43:53:935 BROKER/(4089:4089): FRECUENCIA_COMPACTACION=3
[INFO] 18:43:53:935 BROKER/(4089:4089): LOG_FILE=BROKER.log
[INFO] 18:43:53:935 BROKER/(4089:4089): - CONFIGURACION IMPORTADA

[INFO] 18:43:53:935 BROKER/(4089:4089): Desde el main veo IP=127.0.0.1 y PUERTO=5009
[INFO] 18:47:29:954 BROKER/(4232:4232): TAMANO_MEMORIA=2048
[INFO] 18:47:29:954 BROKER/(4232:4232): TAMANO_MINIMO_PARTICION=32
[INFO] 18:47:29:954 BROKER/(4232:4232): ALGORITMO_MEMORIA=BS
[INFO] 18:47:29:955 BROKER/(4232:4232): ALGORITMO_REEMPLAZO=FIFO
[INFO] 18:47:29:955 BROKER/(4232:4232): IP_BROKER=127.0.0.1
[INFO] 18:47:29:955 BROKER/(4232:4232): PUERTO_BROKER=5009
[INFO] 18:47:29:955 BROKER/(4232:4232): FRECUENCIA_COMPACTACION=3
[INFO] 18:47:29:955 BROKER/(4232:4232): LOG_FILE=BROKER.log
[INFO] 18:47:29:956 BROKER/(4232:4232): - CONFIGURACION IMPORTADA

[INFO] 18:47:29:956 BROKER/(4232:4232): Desde el main veo IP=127.0.0.1 y PUERTO=5009
[INFO] 18:48:17:650 BROKER/(4246:4246): TAMANO_MEMORIA=2048
[INFO] 18:48:17:650 BROKER/(4246:4246): TAMANO_MINIMO_PARTICION=32
[INFO] 18:48:17:651 BROKER/(4246:4246): ALGORITMO_MEMORIA=BS
[INFO] 18:48:17:651 BROKER/(4246:4246): ALGORITMO_REEMPLAZO=FIFO
[INFO] 18:48:17:651 BROKER/(4246:4246): IP_BROKER=127.0.0.1
[INFO] 18:48:17:651 BROKER/(4246:4246): PUERTO_BROKER=5009
[INFO] 18:48:17:652 BROKER/(4246:4246): FRECUENCIA_COMPACTACION=3
[INFO] 18:48:17:652 BROKER/(4246:4246): LOG_FILE=BROKER.log
[INFO] 18:48:17:652 BROKER/(4246:4246): - CONFIGURACION IMPORTADA

[INFO] 18:48:17:652 BROKER/(4246:4246): Desde el main veo IP=127.0.0.1 y PUERTO=5009

[INFO] 18:58:57:781 BROKER/(4904:4904): TAMANO_MEMORIA=2048
[INFO] 18:58:57:781 BROKER/(4904:4904): TAMANO_MINIMO_PARTICION=32
[INFO] 18:58:57:781 BROKER/(4904:4904): ALGORITMO_MEMORIA=BS
[INFO] 18:58:57:781 BROKER/(4904:4904): ALGORITMO_REEMPLAZO=FIFO
[INFO] 18:58:57:782 BROKER/(4904:4904): IP_BROKER=127.0.0.1
[INFO] 18:58:57:782 BROKER/(4904:4904): PUERTO_BROKER=5009
[INFO] 18:58:57:782 BROKER/(4904:4904): FRECUENCIA_COMPACTACION=3
[INFO] 18:58:57:782 BROKER/(4904:4904): LOG_FILE=BROKER.log
[INFO] 18:58:57:783 BROKER/(4904:4904): - CONFIGURACION IMPORTADA

[INFO] 18:58:57:783 BROKER/(4904:4904): Desde el main veo IP=127.0.0.1 y PUERTO=5009

[INFO] 19:23:20:402 BROKER/(3669:3669): TAMANO_MEMORIA=2048
[INFO] 19:23:20:404 BROKER/(3669:3669): TAMANO_MINIMO_PARTICION=32
[INFO] 19:23:20:404 BROKER/(3669:3669): ALGORITMO_MEMORIA=BS
[INFO] 19:23:20:404 BROKER/(3669:3669): ALGORITMO_REEMPLAZO=FIFO
[INFO] 19:23:20:405 BROKER/(3669:3669): IP_BROKER=127.0.0.1
[INFO] 19:23:20:405 BROKER/(3669:3669): PUERTO_BROKER=5009
[INFO] 19:23:20:405 BROKER/(3669:3669): FRECUENCIA_COMPACTACION=3
[INFO] 19:23:20:405 BROKER/(3669:3669): LOG_FILE=BROKER.log
[INFO] 19:23:20:405 BROKER/(3669:3669): - CONFIGURACION IMPORTADA

[INFO] 19:23:20:405 BROKER/(3669:3669): Desde el main veo IP=127.0.0.1 y PUERTO=5009
[INFO] 19:23:30:935 BROKER/(3685:3685): TAMANO_MEMORIA=2048
[INFO] 19:23:30:951 BROKER/(3685:3685): TAMANO_MINIMO_PARTICION=32
[INFO] 19:23:30:951 BROKER/(3685:3685): ALGORITMO_MEMORIA=BS
[INFO] 19:23:30:953 BROKER/(3685:3685): ALGORITMO_REEMPLAZO=FIFO
[INFO] 19:23:30:953 BROKER/(3685:3685): IP_BROKER=127.0.0.1
[INFO] 19:23:30:953 BROKER/(3685:3685): PUERTO_BROKER=5009
[INFO] 19:23:30:954 BROKER/(3685:3685): FRECUENCIA_COMPACTACION=3
[INFO] 19:23:30:954 BROKER/(3685:3685): LOG_FILE=BROKER.log
[INFO] 19:23:30:954 BROKER/(3685:3685): - CONFIGURACION IMPORTADA

[INFO] 19:23:30:954 BROKER/(3685:3685): Desde el main veo IP=127.0.0.1 y PUERTO=5009
[INFO] 19:26:19:756 BROKER/(3762:3762): TAMANO_MEMORIA=2048
[INFO] 19:26:19:771 BROKER/(3762:3762): TAMANO_MINIMO_PARTICION=32
[INFO] 19:26:19:771 BROKER/(3762:3762): ALGORITMO_MEMORIA=BS
[INFO] 19:26:19:771 BROKER/(3762:3762): ALGORITMO_REEMPLAZO=FIFO
[INFO] 19:26:19:771 BROKER/(3762:3762): IP_BROKER=127.0.0.1
[INFO] 19:26:19:771 BROKER/(3762:3762): PUERTO_BROKER=5009
[INFO] 19:26:19:771 BROKER/(3762:3762): FRECUENCIA_COMPACTACION=3
[INFO] 19:26:19:771 BROKER/(3762:3762): LOG_FILE=BROKER.log
[INFO] 19:26:19:771 BROKER/(3762:3762): - CONFIGURACION IMPORTADA

[INFO] 19:26:19:771 BROKER/(3762:3762): Desde el main veo IP=127.0.0.1 y PUERTO=5009
[INFO] 19:37:31:731 BROKER/(4082:4082): TAMANO_MEMORIA=2048
[INFO] 19:37:31:734 BROKER/(4082:4082): TAMANO_MINIMO_PARTICION=32
[INFO] 19:37:31:734 BROKER/(4082:4082): ALGORITMO_MEMORIA=BS
[INFO] 19:37:31:734 BROKER/(4082:4082): ALGORITMO_REEMPLAZO=FIFO
[INFO] 19:37:31:734 BROKER/(4082:4082): IP_BROKER=127.0.0.1
[INFO] 19:37:31:734 BROKER/(4082:4082): PUERTO_BROKER=5009
[INFO] 19:37:31:734 BROKER/(4082:4082): FRECUENCIA_COMPACTACION=3
[INFO] 19:37:31:734 BROKER/(4082:4082): LOG_FILE=BROKER.log
[INFO] 19:37:31:734 BROKER/(4082:4082): - CONFIGURACION IMPORTADA

[INFO] 19:37:31:738 BROKER/(4082:4082): Desde el main veo IP=127.0.0.1 y PUERTO=5009

<<<<<<< HEAD
[INFO] 21:06:20:369 BROKER/(6530:6530): - CONFIGURACION IMPORTADA

[INFO] 21:06:20:369 BROKER/(6530:6530): · Puerto escucha = 5009
[INFO] 21:06:20:369 BROKER/(6530:6530): · IP  = 127.0.0.1
[INFO] 21:16:45:625 BROKER/(7516:7516): TAMANO_MEMORIA=2048
[INFO] 21:16:45:625 BROKER/(7516:7516): TAMANO_MINIMO_PARTICION=32
[INFO] 21:16:45:625 BROKER/(7516:7516): ALGORITMO_MEMORIA=BS
[INFO] 21:16:45:625 BROKER/(7516:7516): ALGORITMO_REEMPLAZO=FIFO
[INFO] 21:16:45:625 BROKER/(7516:7516): IP_BROKER=127.0.0.1
[INFO] 21:16:45:625 BROKER/(7516:7516): PUERTO_BROKER=5009
[INFO] 21:16:45:625 BROKER/(7516:7516): FRECUENCIA_COMPACTACION=3
[INFO] 21:16:45:625 BROKER/(7516:7516): LOG_FILE=BROKER.log
[INFO] 21:16:45:625 BROKER/(7516:7516): - CONFIGURACION IMPORTADA

[INFO] 21:16:45:625 BROKER/(7516:7516): Desde el main veo IP=127.0.0.1 y PUERTO=5009
[INFO] 21:21:38:551 BROKER/(7754:7754): TAMANO_MEMORIA=2048
[INFO] 21:21:38:551 BROKER/(7754:7754): TAMANO_MINIMO_PARTICION=32
[INFO] 21:21:38:551 BROKER/(7754:7754): ALGORITMO_MEMORIA=BS
[INFO] 21:21:38:552 BROKER/(7754:7754): ALGORITMO_REEMPLAZO=FIFO
[INFO] 21:21:38:552 BROKER/(7754:7754): IP_BROKER=127.0.0.1
[INFO] 21:21:38:552 BROKER/(7754:7754): PUERTO_BROKER=5009
[INFO] 21:21:38:552 BROKER/(7754:7754): FRECUENCIA_COMPACTACION=3
[INFO] 21:21:38:552 BROKER/(7754:7754): LOG_FILE=BROKER.log
[INFO] 21:21:38:552 BROKER/(7754:7754): - CONFIGURACION IMPORTADA

[INFO] 21:21:38:552 BROKER/(7754:7754): Desde el main veo IP=127.0.0.1 y PUERTO=5009
[INFO] 21:21:58:453 BROKER/(7755:7755): TAMANO_MEMORIA=2048
[INFO] 21:21:58:453 BROKER/(7755:7755): TAMANO_MINIMO_PARTICION=32
[INFO] 21:21:58:454 BROKER/(7755:7755): ALGORITMO_MEMORIA=BS
[INFO] 21:21:58:454 BROKER/(7755:7755): ALGORITMO_REEMPLAZO=FIFO
[INFO] 21:21:58:454 BROKER/(7755:7755): IP_BROKER=127.0.0.1
[INFO] 21:21:58:454 BROKER/(7755:7755): PUERTO_BROKER=5009
[INFO] 21:21:58:454 BROKER/(7755:7755): FRECUENCIA_COMPACTACION=3
[INFO] 21:21:58:454 BROKER/(7755:7755): LOG_FILE=BROKER.log
[INFO] 21:21:58:454 BROKER/(7755:7755): - CONFIGURACION IMPORTADA

[INFO] 21:21:58:454 BROKER/(7755:7755): Desde el main veo IP=127.0.0.1 y PUERTO=5009
[INFO] 21:34:13:768 BROKER/(7964:7964): TAMANO_MEMORIA=2048
[INFO] 21:34:13:769 BROKER/(7964:7964): TAMANO_MINIMO_PARTICION=32
[INFO] 21:34:13:769 BROKER/(7964:7964): ALGORITMO_MEMORIA=BS
[INFO] 21:34:13:769 BROKER/(7964:7964): ALGORITMO_REEMPLAZO=FIFO
[INFO] 21:34:13:769 BROKER/(7964:7964): IP_BROKER=127.0.0.1
[INFO] 21:34:13:769 BROKER/(7964:7964): PUERTO_BROKER=5009
[INFO] 21:34:13:769 BROKER/(7964:7964): FRECUENCIA_COMPACTACION=3
[INFO] 21:34:13:769 BROKER/(7964:7964): LOG_FILE=BROKER.log
[INFO] 21:34:13:769 BROKER/(7964:7964): - CONFIGURACION IMPORTADA

[INFO] 21:34:13:769 BROKER/(7964:7964): Desde el main veo IP=127.0.0.1 y PUERTO=5009
=======
[INFO] 22:09:07:976 BROKER/(17365:17365): TAMANO_MEMORIA=2048
[INFO] 22:09:07:976 BROKER/(17365:17365): TAMANO_MINIMO_PARTICION=32
[INFO] 22:09:07:976 BROKER/(17365:17365): ALGORITMO_MEMORIA=BS
[INFO] 22:09:07:976 BROKER/(17365:17365): ALGORITMO_REEMPLAZO=FIFO
[INFO] 22:09:07:977 BROKER/(17365:17365): IP_BROKER=127.0.0.1
[INFO] 22:09:07:977 BROKER/(17365:17365): PUERTO_BROKER=5009
[INFO] 22:09:07:977 BROKER/(17365:17365): FRECUENCIA_COMPACTACION=3
[INFO] 22:09:07:977 BROKER/(17365:17365): LOG_FILE=BROKER.log
[INFO] 22:09:07:977 BROKER/(17365:17365): - CONFIGURACION IMPORTADA

[INFO] 22:09:07:977 BROKER/(17365:17365): Desde el main veo IP=127.0.0.1 y PUERTO=5009
[INFO] 22:22:07:176 BROKER/(17602:17602): TAMANO_MEMORIA=2048
[INFO] 22:22:07:177 BROKER/(17602:17602): TAMANO_MINIMO_PARTICION=32
[INFO] 22:22:07:177 BROKER/(17602:17602): ALGORITMO_MEMORIA=BS
[INFO] 22:22:07:178 BROKER/(17602:17602): ALGORITMO_REEMPLAZO=FIFO
[INFO] 22:22:07:178 BROKER/(17602:17602): IP_BROKER=127.0.0.1
[INFO] 22:22:07:178 BROKER/(17602:17602): PUERTO_BROKER=5009
[INFO] 22:22:07:178 BROKER/(17602:17602): FRECUENCIA_COMPACTACION=3
[INFO] 22:22:07:178 BROKER/(17602:17602): LOG_FILE=BROKER.log
[INFO] 22:22:07:178 BROKER/(17602:17602): - CONFIGURACION IMPORTADA

[INFO] 22:22:07:178 BROKER/(17602:17602): Desde el main veo IP=127.0.0.1 y PUERTO=5009
[INFO] 22:24:50:62 BROKER/(17774:17774): TAMANO_MEMORIA=2048
[INFO] 22:24:50:63 BROKER/(17774:17774): TAMANO_MINIMO_PARTICION=32
[INFO] 22:24:50:63 BROKER/(17774:17774): ALGORITMO_MEMORIA=BS
[INFO] 22:24:50:63 BROKER/(17774:17774): ALGORITMO_REEMPLAZO=FIFO
[INFO] 22:24:50:63 BROKER/(17774:17774): IP_BROKER=127.0.0.1
[INFO] 22:24:50:63 BROKER/(17774:17774): PUERTO_BROKER=5009
[INFO] 22:24:50:63 BROKER/(17774:17774): FRECUENCIA_COMPACTACION=3
[INFO] 22:24:50:63 BROKER/(17774:17774): LOG_FILE=BROKER.log
[INFO] 22:24:50:64 BROKER/(17774:17774): - CONFIGURACION IMPORTADA

[INFO] 22:24:50:64 BROKER/(17774:17774): Desde el main veo IP=127.0.0.1 y PUERTO=5009
[INFO] 22:33:45:469 BROKER/(18148:18148): TAMANO_MEMORIA=2048
[INFO] 22:33:45:469 BROKER/(18148:18148): TAMANO_MINIMO_PARTICION=32
[INFO] 22:33:45:470 BROKER/(18148:18148): ALGORITMO_MEMORIA=BS
[INFO] 22:33:45:470 BROKER/(18148:18148): ALGORITMO_REEMPLAZO=FIFO
[INFO] 22:33:45:470 BROKER/(18148:18148): IP_BROKER=127.0.0.1
[INFO] 22:33:45:470 BROKER/(18148:18148): PUERTO_BROKER=5009
[INFO] 22:33:45:470 BROKER/(18148:18148): FRECUENCIA_COMPACTACION=3
[INFO] 22:33:45:470 BROKER/(18148:18148): LOG_FILE=BROKER.log
[INFO] 22:33:45:471 BROKER/(18148:18148): - CONFIGURACION IMPORTADA

[INFO] 22:33:45:471 BROKER/(18148:18148): Desde el main veo IP=127.0.0.1 y PUERTO=5009
[INFO] 22:37:12:164 BROKER/(18399:18399): TAMANO_MEMORIA=2048
[INFO] 22:37:12:164 BROKER/(18399:18399): TAMANO_MINIMO_PARTICION=32
[INFO] 22:37:12:165 BROKER/(18399:18399): ALGORITMO_MEMORIA=BS
[INFO] 22:37:12:165 BROKER/(18399:18399): ALGORITMO_REEMPLAZO=FIFO
[INFO] 22:37:12:165 BROKER/(18399:18399): IP_BROKER=127.0.0.1
[INFO] 22:37:12:165 BROKER/(18399:18399): PUERTO_BROKER=5009
[INFO] 22:37:12:165 BROKER/(18399:18399): FRECUENCIA_COMPACTACION=3
[INFO] 22:37:12:165 BROKER/(18399:18399): LOG_FILE=BROKER.log
[INFO] 22:37:12:165 BROKER/(18399:18399): - CONFIGURACION IMPORTADA

[INFO] 22:37:12:166 BROKER/(18399:18399): Desde el main veo IP=127.0.0.1 y PUERTO=5009
[INFO] 22:50:53:284 BROKER/(18791:18791): TAMANO_MEMORIA=2048
[INFO] 22:50:53:291 BROKER/(18791:18791): TAMANO_MINIMO_PARTICION=32
[INFO] 22:50:53:292 BROKER/(18791:18791): ALGORITMO_MEMORIA=BS
[INFO] 22:50:53:292 BROKER/(18791:18791): ALGORITMO_REEMPLAZO=FIFO
[INFO] 22:50:53:292 BROKER/(18791:18791): IP_BROKER=127.0.0.1
[INFO] 22:50:53:292 BROKER/(18791:18791): PUERTO_BROKER=5009
[INFO] 22:50:53:292 BROKER/(18791:18791): FRECUENCIA_COMPACTACION=3
[INFO] 22:50:53:292 BROKER/(18791:18791): LOG_FILE=BROKER.log
[INFO] 22:50:53:292 BROKER/(18791:18791): - CONFIGURACION IMPORTADA

[INFO] 22:50:53:293 BROKER/(18791:18791): Desde el main veo IP=127.0.0.1 y PUERTO=5009
>>>>>>> 33908a1dd23013bfaa6fcc0c7b63b01f9821cd18
[INFO] 09:27:29:714 BROKER/(4090:4090): TAMANO_MEMORIA=2048
[INFO] 09:27:29:715 BROKER/(4090:4090): TAMANO_MINIMO_PARTICION=32
[INFO] 09:27:29:715 BROKER/(4090:4090): ALGORITMO_MEMORIA=BS
[INFO] 09:27:29:715 BROKER/(4090:4090): ALGORITMO_REEMPLAZO=FIFO
[INFO] 09:27:29:715 BROKER/(4090:4090): IP_BROKER=127.0.0.1
[INFO] 09:27:29:715 BROKER/(4090:4090): PUERTO_BROKER=5009
[INFO] 09:27:29:715 BROKER/(4090:4090): FRECUENCIA_COMPACTACION=3
[INFO] 09:27:29:715 BROKER/(4090:4090): LOG_FILE=BROKER.log
[INFO] 09:27:29:715 BROKER/(4090:4090): - CONFIGURACION IMPORTADA

[INFO] 09:27:29:715 BROKER/(4090:4090): Desde el main veo IP=127.0.0.1 y PUERTO=5009
[INFO] 09:41:28:583 BROKER/(4851:4851): TAMANO_MEMORIA=2048
[INFO] 09:41:28:608 BROKER/(4851:4851): TAMANO_MINIMO_PARTICION=32
[INFO] 09:41:28:608 BROKER/(4851:4851): ALGORITMO_MEMORIA=BS
[INFO] 09:41:28:608 BROKER/(4851:4851): ALGORITMO_REEMPLAZO=FIFO
[INFO] 09:41:28:609 BROKER/(4851:4851): IP_BROKER=127.0.0.1
[INFO] 09:41:28:609 BROKER/(4851:4851): PUERTO_BROKER=5009
[INFO] 09:41:28:609 BROKER/(4851:4851): FRECUENCIA_COMPACTACION=3
[INFO] 09:41:28:609 BROKER/(4851:4851): LOG_FILE=BROKER.log
[INFO] 09:41:28:609 BROKER/(4851:4851): - CONFIGURACION IMPORTADA

[INFO] 09:41:28:609 BROKER/(4851:4851): Desde el main veo IP=127.0.0.1 y PUERTO=5009
[INFO] 10:10:44:51 BROKER/(5694:5694): TAMANO_MEMORIA=2048
[INFO] 10:10:44:54 BROKER/(5694:5694): TAMANO_MINIMO_PARTICION=32
[INFO] 10:10:44:54 BROKER/(5694:5694): ALGORITMO_MEMORIA=BS
[INFO] 10:10:44:54 BROKER/(5694:5694): ALGORITMO_REEMPLAZO=FIFO
[INFO] 10:10:44:54 BROKER/(5694:5694): IP_BROKER=127.0.0.1
[INFO] 10:10:44:54 BROKER/(5694:5694): PUERTO_BROKER=5009
[INFO] 10:10:44:54 BROKER/(5694:5694): FRECUENCIA_COMPACTACION=3
[INFO] 10:10:44:54 BROKER/(5694:5694): LOG_FILE=BROKER.log
[INFO] 10:10:44:54 BROKER/(5694:5694): - CONFIGURACION IMPORTADA

[INFO] 10:10:44:54 BROKER/(5694:5694): Desde el main veo IP=127.0.0.1 y PUERTO=5009
[INFO] 10:18:38:44 BROKER/(5972:5972): TAMANO_MEMORIA=2048
[INFO] 10:18:38:47 BROKER/(5972:5972): TAMANO_MINIMO_PARTICION=32
[INFO] 10:18:38:47 BROKER/(5972:5972): ALGORITMO_MEMORIA=BS
[INFO] 10:18:38:48 BROKER/(5972:5972): ALGORITMO_REEMPLAZO=FIFO
[INFO] 10:18:38:48 BROKER/(5972:5972): IP_BROKER=127.0.0.1
[INFO] 10:18:38:48 BROKER/(5972:5972): PUERTO_BROKER=5009
[INFO] 10:18:38:49 BROKER/(5972:5972): FRECUENCIA_COMPACTACION=3
[INFO] 10:18:38:49 BROKER/(5972:5972): LOG_FILE=BROKER.log
[INFO] 10:18:38:49 BROKER/(5972:5972): - CONFIGURACION IMPORTADA

[INFO] 10:18:38:49 BROKER/(5972:5972): Desde el main veo IP=127.0.0.1 y PUERTO=5009
[INFO] 10:57:17:832 BROKER/(6917:6917): TAMANO_MEMORIA=2048
[INFO] 10:57:17:834 BROKER/(6917:6917): TAMANO_MINIMO_PARTICION=32
[INFO] 10:57:17:834 BROKER/(6917:6917): ALGORITMO_MEMORIA=BS
[INFO] 10:57:17:834 BROKER/(6917:6917): ALGORITMO_REEMPLAZO=FIFO
[INFO] 10:57:17:834 BROKER/(6917:6917): IP_BROKER=127.0.0.1
[INFO] 10:57:17:834 BROKER/(6917:6917): PUERTO_BROKER=5009
[INFO] 10:57:17:834 BROKER/(6917:6917): FRECUENCIA_COMPACTACION=3
[INFO] 10:57:17:834 BROKER/(6917:6917): LOG_FILE=BROKER.log
[INFO] 10:57:17:834 BROKER/(6917:6917): - CONFIGURACION IMPORTADA

[INFO] 10:57:17:834 BROKER/(6917:6917): Desde el main veo IP=127.0.0.1 y PUERTO=5009
[INFO] 10:57:31:307 BROKER/(6938:6938): TAMANO_MEMORIA=2048
[INFO] 10:57:31:307 BROKER/(6938:6938): TAMANO_MINIMO_PARTICION=32
[INFO] 10:57:31:307 BROKER/(6938:6938): ALGORITMO_MEMORIA=BS
[INFO] 10:57:31:307 BROKER/(6938:6938): ALGORITMO_REEMPLAZO=FIFO
[INFO] 10:57:31:307 BROKER/(6938:6938): IP_BROKER=127.0.0.1
[INFO] 10:57:31:307 BROKER/(6938:6938): PUERTO_BROKER=5009
[INFO] 10:57:31:307 BROKER/(6938:6938): FRECUENCIA_COMPACTACION=3
[INFO] 10:57:31:307 BROKER/(6938:6938): LOG_FILE=BROKER.log
[INFO] 10:57:31:307 BROKER/(6938:6938): - CONFIGURACION IMPORTADA

[INFO] 10:57:31:307 BROKER/(6938:6938): Desde el main veo IP=127.0.0.1 y PUERTO=5009
[INFO] 10:58:13:175 BROKER/(6960:6960): TAMANO_MEMORIA=2048
[INFO] 10:58:13:189 BROKER/(6960:6960): TAMANO_MINIMO_PARTICION=32
[INFO] 10:58:13:189 BROKER/(6960:6960): ALGORITMO_MEMORIA=BS
[INFO] 10:58:13:189 BROKER/(6960:6960): ALGORITMO_REEMPLAZO=FIFO
[INFO] 10:58:13:189 BROKER/(6960:6960): IP_BROKER=127.0.0.1
[INFO] 10:58:13:189 BROKER/(6960:6960): PUERTO_BROKER=5009
[INFO] 10:58:13:189 BROKER/(6960:6960): FRECUENCIA_COMPACTACION=3
[INFO] 10:58:13:189 BROKER/(6960:6960): LOG_FILE=BROKER.log
[INFO] 10:58:13:198 BROKER/(6960:6960): - CONFIGURACION IMPORTADA

[INFO] 10:58:13:199 BROKER/(6960:6960): Desde el main veo IP=127.0.0.1 y PUERTO=5009
[INFO] 11:07:46:582 BROKER/(7263:7263): TAMANO_MEMORIA=2048
[INFO] 11:07:46:586 BROKER/(7263:7263): TAMANO_MINIMO_PARTICION=32
[INFO] 11:07:46:586 BROKER/(7263:7263): ALGORITMO_MEMORIA=BS
[INFO] 11:07:46:586 BROKER/(7263:7263): ALGORITMO_REEMPLAZO=FIFO
[INFO] 11:07:46:586 BROKER/(7263:7263): IP_BROKER=127.0.0.1
[INFO] 11:07:46:586 BROKER/(7263:7263): PUERTO_BROKER=5009
[INFO] 11:07:46:586 BROKER/(7263:7263): FRECUENCIA_COMPACTACION=3
[INFO] 11:07:46:586 BROKER/(7263:7263): LOG_FILE=BROKER.log
[INFO] 11:07:46:586 BROKER/(7263:7263): - CONFIGURACION IMPORTADA

[INFO] 11:07:46:586 BROKER/(7263:7263): Desde el main veo IP=127.0.0.1 y PUERTO=5009
[INFO] 11:08:04:999 BROKER/(7290:7290): TAMANO_MEMORIA=2048
[INFO] 11:08:04:999 BROKER/(7290:7290): TAMANO_MINIMO_PARTICION=32
[INFO] 11:08:04:999 BROKER/(7290:7290): ALGORITMO_MEMORIA=BS
[INFO] 11:08:04:999 BROKER/(7290:7290): ALGORITMO_REEMPLAZO=FIFO
[INFO] 11:08:04:0 BROKER/(7290:7290): IP_BROKER=127.0.0.1
[INFO] 11:08:04:0 BROKER/(7290:7290): PUERTO_BROKER=5009
[INFO] 11:08:04:0 BROKER/(7290:7290): FRECUENCIA_COMPACTACION=3
[INFO] 11:08:04:0 BROKER/(7290:7290): LOG_FILE=BROKER.log
[INFO] 11:08:04:0 BROKER/(7290:7290): - CONFIGURACION IMPORTADA

[INFO] 11:08:04:0 BROKER/(7290:7290): Desde el main veo IP=127.0.0.1 y PUERTO=5009
<<<<<<< HEAD
[INFO] 11:27:54:188 BROKER/(7689:7689): - CONFIGURACION IMPORTADA

[INFO] 11:27:54:189 BROKER/(7689:7689): · Puerto escucha = 5009
[INFO] 11:27:54:189 BROKER/(7689:7689): · IP  = 127.0.0.1
[INFO] 11:31:26:571 BROKER/(8061:8061): TAMANO_MEMORIA=2048
[INFO] 11:31:26:579 BROKER/(8061:8061): TAMANO_MINIMO_PARTICION=32
[INFO] 11:31:26:579 BROKER/(8061:8061): ALGORITMO_MEMORIA=BS
[INFO] 11:31:26:580 BROKER/(8061:8061): ALGORITMO_REEMPLAZO=FIFO
[INFO] 11:31:26:580 BROKER/(8061:8061): IP_BROKER=127.0.0.1
[INFO] 11:31:26:580 BROKER/(8061:8061): PUERTO_BROKER=5009
[INFO] 11:31:26:580 BROKER/(8061:8061): FRECUENCIA_COMPACTACION=3
[INFO] 11:31:26:580 BROKER/(8061:8061): LOG_FILE=BROKER.log
[INFO] 11:31:26:580 BROKER/(8061:8061): - CONFIGURACION IMPORTADA

[INFO] 11:31:26:580 BROKER/(8061:8061): Desde el main veo IP=127.0.0.1 y PUERTO=5009
[INFO] 11:39:25:315 BROKER/(8262:8262): TAMANO_MEMORIA=2048
[INFO] 11:39:25:320 BROKER/(8262:8262): TAMANO_MINIMO_PARTICION=32
[INFO] 11:39:25:321 BROKER/(8262:8262): ALGORITMO_MEMORIA=BS
[INFO] 11:39:25:321 BROKER/(8262:8262): ALGORITMO_REEMPLAZO=FIFO
[INFO] 11:39:25:321 BROKER/(8262:8262): IP_BROKER=127.0.0.1
[INFO] 11:39:25:321 BROKER/(8262:8262): PUERTO_BROKER=5009
[INFO] 11:39:25:321 BROKER/(8262:8262): FRECUENCIA_COMPACTACION=3
[INFO] 11:39:25:321 BROKER/(8262:8262): LOG_FILE=BROKER.log
[INFO] 11:39:25:322 BROKER/(8262:8262): - CONFIGURACION IMPORTADA

[INFO] 11:39:25:322 BROKER/(8262:8262): Desde el main veo IP=127.0.0.1 y PUERTO=5009
[INFO] 11:45:57:615 BROKER/(8334:8334): TAMANO_MEMORIA=2048
[INFO] 11:45:57:616 BROKER/(8334:8334): TAMANO_MINIMO_PARTICION=32
[INFO] 11:45:57:617 BROKER/(8334:8334): ALGORITMO_MEMORIA=BS
[INFO] 11:45:57:617 BROKER/(8334:8334): ALGORITMO_REEMPLAZO=FIFO
[INFO] 11:45:57:617 BROKER/(8334:8334): IP_BROKER=127.0.0.1
[INFO] 11:45:57:617 BROKER/(8334:8334): PUERTO_BROKER=5009
[INFO] 11:45:57:617 BROKER/(8334:8334): FRECUENCIA_COMPACTACION=3
[INFO] 11:45:57:617 BROKER/(8334:8334): LOG_FILE=BROKER.log
[INFO] 11:45:57:617 BROKER/(8334:8334): - CONFIGURACION IMPORTADA

[INFO] 11:45:57:617 BROKER/(8334:8334): Desde el main veo IP=127.0.0.1 y PUERTO=5009
[INFO] 18:26:56:940 BROKER/(3638:3638): TAMANO_MEMORIA=2048
[INFO] 18:26:56:941 BROKER/(3638:3638): TAMANO_MINIMO_PARTICION=32
[INFO] 18:26:56:941 BROKER/(3638:3638): ALGORITMO_MEMORIA=BS
[INFO] 18:26:56:941 BROKER/(3638:3638): ALGORITMO_REEMPLAZO=FIFO
[INFO] 18:26:56:941 BROKER/(3638:3638): IP_BROKER=127.0.0.1
[INFO] 18:26:56:942 BROKER/(3638:3638): PUERTO_BROKER=5009
[INFO] 18:26:56:942 BROKER/(3638:3638): FRECUENCIA_COMPACTACION=3
[INFO] 18:26:56:942 BROKER/(3638:3638): LOG_FILE=BROKER.log
[INFO] 18:26:56:942 BROKER/(3638:3638): - CONFIGURACION IMPORTADA

[INFO] 18:26:56:942 BROKER/(3638:3638): Desde el main veo IP=127.0.0.1 y PUERTO=5009
[INFO] 18:34:49:833 BROKER/(4009:4009): TAMANO_MEMORIA=2048
[INFO] 18:34:49:852 BROKER/(4009:4009): TAMANO_MINIMO_PARTICION=32
[INFO] 18:34:49:852 BROKER/(4009:4009): ALGORITMO_MEMORIA=BS
[INFO] 18:34:49:852 BROKER/(4009:4009): ALGORITMO_REEMPLAZO=FIFO
[INFO] 18:34:49:852 BROKER/(4009:4009): IP_BROKER=127.0.0.1
[INFO] 18:34:49:852 BROKER/(4009:4009): PUERTO_BROKER=5009
[INFO] 18:34:49:853 BROKER/(4009:4009): FRECUENCIA_COMPACTACION=3
[INFO] 18:34:49:853 BROKER/(4009:4009): LOG_FILE=BROKER.log
[INFO] 18:34:49:853 BROKER/(4009:4009): - CONFIGURACION IMPORTADA

[INFO] 18:34:49:853 BROKER/(4009:4009): Desde el main veo IP=127.0.0.1 y PUERTO=5009
[INFO] 18:36:28:783 BROKER/(4069:4069): TAMANO_MEMORIA=2048
[INFO] 18:36:28:785 BROKER/(4069:4069): TAMANO_MINIMO_PARTICION=32
[INFO] 18:36:28:785 BROKER/(4069:4069): ALGORITMO_MEMORIA=BS
[INFO] 18:36:28:785 BROKER/(4069:4069): ALGORITMO_REEMPLAZO=FIFO
[INFO] 18:36:28:785 BROKER/(4069:4069): IP_BROKER=127.0.0.1
[INFO] 18:36:28:785 BROKER/(4069:4069): PUERTO_BROKER=5009
[INFO] 18:36:28:785 BROKER/(4069:4069): FRECUENCIA_COMPACTACION=3
[INFO] 18:36:28:785 BROKER/(4069:4069): LOG_FILE=BROKER.log
[INFO] 18:36:28:785 BROKER/(4069:4069): - CONFIGURACION IMPORTADA

[INFO] 18:36:28:785 BROKER/(4069:4069): Desde el main veo IP=127.0.0.1 y PUERTO=5009
=======
[INFO] 17:22:33:841 BROKER/(4376:4376): TAMANO_MEMORIA=2048
[INFO] 17:22:33:852 BROKER/(4376:4376): TAMANO_MINIMO_PARTICION=32
[INFO] 17:22:33:852 BROKER/(4376:4376): ALGORITMO_MEMORIA=BS
[INFO] 17:22:33:852 BROKER/(4376:4376): ALGORITMO_REEMPLAZO=FIFO
[INFO] 17:22:33:852 BROKER/(4376:4376): IP_BROKER=127.0.0.1
[INFO] 17:22:33:852 BROKER/(4376:4376): PUERTO_BROKER=5009
[INFO] 17:22:33:852 BROKER/(4376:4376): FRECUENCIA_COMPACTACION=3
[INFO] 17:22:33:852 BROKER/(4376:4376): LOG_FILE=BROKER.log
[INFO] 17:22:33:852 BROKER/(4376:4376): - CONFIGURACION IMPORTADA

[INFO] 17:22:33:852 BROKER/(4376:4376): Desde el main veo IP=127.0.0.1 y PUERTO=5009
[INFO] 17:35:35:402 BROKER/(5062:5062): TAMANO_MEMORIA=2048
[INFO] 17:35:35:413 BROKER/(5062:5062): TAMANO_MINIMO_PARTICION=32
[INFO] 17:35:35:414 BROKER/(5062:5062): ALGORITMO_MEMORIA=BS
[INFO] 17:35:35:414 BROKER/(5062:5062): ALGORITMO_REEMPLAZO=FIFO
[INFO] 17:35:35:415 BROKER/(5062:5062): IP_BROKER=127.0.0.1
[INFO] 17:35:35:415 BROKER/(5062:5062): PUERTO_BROKER=5009
[INFO] 17:35:35:415 BROKER/(5062:5062): FRECUENCIA_COMPACTACION=3
[INFO] 17:35:35:415 BROKER/(5062:5062): LOG_FILE=BROKER.log
[INFO] 17:35:35:415 BROKER/(5062:5062): - CONFIGURACION IMPORTADA

[INFO] 17:35:35:415 BROKER/(5062:5062): Desde el main veo IP=127.0.0.1 y PUERTO=5009
[INFO] 17:38:40:610 BROKER/(5192:5192): TAMANO_MEMORIA=2048
[INFO] 17:38:40:638 BROKER/(5192:5192): TAMANO_MINIMO_PARTICION=32
[INFO] 17:38:40:638 BROKER/(5192:5192): ALGORITMO_MEMORIA=BS
[INFO] 17:38:40:638 BROKER/(5192:5192): ALGORITMO_REEMPLAZO=FIFO
[INFO] 17:38:40:638 BROKER/(5192:5192): IP_BROKER=127.0.0.1
[INFO] 17:38:40:638 BROKER/(5192:5192): PUERTO_BROKER=5009
[INFO] 17:38:40:638 BROKER/(5192:5192): FRECUENCIA_COMPACTACION=3
[INFO] 17:38:40:638 BROKER/(5192:5192): LOG_FILE=BROKER.log
[INFO] 17:38:40:638 BROKER/(5192:5192): - CONFIGURACION IMPORTADA

[INFO] 17:38:40:638 BROKER/(5192:5192): Desde el main veo IP=127.0.0.1 y PUERTO=5009
[INFO] 18:42:24:309 BROKER/(3675:3675): TAMANO_MEMORIA=2048
[INFO] 18:42:24:310 BROKER/(3675:3675): TAMANO_MINIMO_PARTICION=32
[INFO] 18:42:24:310 BROKER/(3675:3675): ALGORITMO_MEMORIA=BS
[INFO] 18:42:24:310 BROKER/(3675:3675): ALGORITMO_REEMPLAZO=FIFO
[INFO] 18:42:24:311 BROKER/(3675:3675): IP_BROKER=127.0.0.1
[INFO] 18:42:24:311 BROKER/(3675:3675): PUERTO_BROKER=5009
[INFO] 18:42:24:311 BROKER/(3675:3675): FRECUENCIA_COMPACTACION=3
[INFO] 18:42:24:311 BROKER/(3675:3675): LOG_FILE=BROKER.log
[INFO] 18:42:24:311 BROKER/(3675:3675): - CONFIGURACION IMPORTADA

[INFO] 18:42:24:311 BROKER/(3675:3675): Desde el main veo IP=127.0.0.1 y PUERTO=5009
[INFO] 18:45:51:399 BROKER/(3871:3871): TAMANO_MEMORIA=2048
[INFO] 18:45:51:399 BROKER/(3871:3871): TAMANO_MINIMO_PARTICION=32
[INFO] 18:45:51:399 BROKER/(3871:3871): ALGORITMO_MEMORIA=BS
[INFO] 18:45:51:399 BROKER/(3871:3871): ALGORITMO_REEMPLAZO=FIFO
[INFO] 18:45:51:399 BROKER/(3871:3871): IP_BROKER=127.0.0.1
[INFO] 18:45:51:399 BROKER/(3871:3871): PUERTO_BROKER=5009
[INFO] 18:45:51:399 BROKER/(3871:3871): FRECUENCIA_COMPACTACION=3
[INFO] 18:45:51:399 BROKER/(3871:3871): LOG_FILE=BROKER.log
[INFO] 18:45:51:399 BROKER/(3871:3871): - CONFIGURACION IMPORTADA

[INFO] 18:45:51:399 BROKER/(3871:3871): Desde el main veo IP=127.0.0.1 y PUERTO=5009
>>>>>>> 41ffa8b22c082d6ea04303ec2e0eb34de03c09c3
[INFO] 19:20:46:743 BROKER/(5561:5561): TAMANO_MEMORIA=2048
[INFO] 19:20:46:763 BROKER/(5561:5561): TAMANO_MINIMO_PARTICION=32
[INFO] 19:20:46:764 BROKER/(5561:5561): ALGORITMO_MEMORIA=BS
[INFO] 19:20:46:764 BROKER/(5561:5561): ALGORITMO_REEMPLAZO=FIFO
[INFO] 19:20:46:764 BROKER/(5561:5561): IP_BROKER=127.0.0.1
[INFO] 19:20:46:764 BROKER/(5561:5561): PUERTO_BROKER=5009
[INFO] 19:20:46:764 BROKER/(5561:5561): FRECUENCIA_COMPACTACION=3
[INFO] 19:20:46:764 BROKER/(5561:5561): LOG_FILE=BROKER.log
[INFO] 19:20:46:765 BROKER/(5561:5561): - CONFIGURACION IMPORTADA

[INFO] 19:20:46:765 BROKER/(5561:5561): Desde el main veo IP=127.0.0.1 y PUERTO=5009
[INFO] 19:38:52:873 BROKER/(6046:6046): TAMANO_MEMORIA=2048
[INFO] 19:38:52:884 BROKER/(6046:6046): TAMANO_MINIMO_PARTICION=32
[INFO] 19:38:52:884 BROKER/(6046:6046): ALGORITMO_MEMORIA=BS
[INFO] 19:38:52:884 BROKER/(6046:6046): ALGORITMO_REEMPLAZO=FIFO
[INFO] 19:38:52:885 BROKER/(6046:6046): IP_BROKER=127.0.0.1
[INFO] 19:38:52:885 BROKER/(6046:6046): PUERTO_BROKER=5009
[INFO] 19:38:52:885 BROKER/(6046:6046): FRECUENCIA_COMPACTACION=3
[INFO] 19:38:52:885 BROKER/(6046:6046): LOG_FILE=BROKER.log
[INFO] 19:38:52:885 BROKER/(6046:6046): - CONFIGURACION IMPORTADA

[INFO] 19:38:52:885 BROKER/(6046:6046): Desde el main veo IP=127.0.0.1 y PUERTO=5009
[INFO] 19:41:43:497 BROKER/(6191:6191): TAMANO_MEMORIA=2048
[INFO] 19:41:43:513 BROKER/(6191:6191): TAMANO_MINIMO_PARTICION=32
[INFO] 19:41:43:513 BROKER/(6191:6191): ALGORITMO_MEMORIA=BS
[INFO] 19:41:43:513 BROKER/(6191:6191): ALGORITMO_REEMPLAZO=FIFO
[INFO] 19:41:43:513 BROKER/(6191:6191): IP_BROKER=127.0.0.1
[INFO] 19:41:43:513 BROKER/(6191:6191): PUERTO_BROKER=5009
[INFO] 19:41:43:513 BROKER/(6191:6191): FRECUENCIA_COMPACTACION=3
[INFO] 19:41:43:514 BROKER/(6191:6191): LOG_FILE=BROKER.log
[INFO] 19:41:43:514 BROKER/(6191:6191): - CONFIGURACION IMPORTADA

[INFO] 19:41:43:514 BROKER/(6191:6191): Desde el main veo IP=127.0.0.1 y PUERTO=5009
[INFO] 19:42:20:420 BROKER/(6239:6239): TAMANO_MEMORIA=2048
[INFO] 19:42:20:435 BROKER/(6239:6239): TAMANO_MINIMO_PARTICION=32
[INFO] 19:42:20:435 BROKER/(6239:6239): ALGORITMO_MEMORIA=BS
[INFO] 19:42:20:437 BROKER/(6239:6239): ALGORITMO_REEMPLAZO=FIFO
[INFO] 19:42:20:437 BROKER/(6239:6239): IP_BROKER=127.0.0.1
[INFO] 19:42:20:437 BROKER/(6239:6239): PUERTO_BROKER=5009
[INFO] 19:42:20:437 BROKER/(6239:6239): FRECUENCIA_COMPACTACION=3
[INFO] 19:42:20:437 BROKER/(6239:6239): LOG_FILE=BROKER.log
[INFO] 19:42:20:437 BROKER/(6239:6239): - CONFIGURACION IMPORTADA

[INFO] 19:42:20:437 BROKER/(6239:6239): Desde el main veo IP=127.0.0.1 y PUERTO=5009
[INFO] 19:47:10:437 BROKER/(6387:6387): TAMANO_MEMORIA=2048
[INFO] 19:47:10:444 BROKER/(6387:6387): TAMANO_MINIMO_PARTICION=32
[INFO] 19:47:10:451 BROKER/(6387:6387): ALGORITMO_MEMORIA=BS
[INFO] 19:47:10:451 BROKER/(6387:6387): ALGORITMO_REEMPLAZO=FIFO
[INFO] 19:47:10:451 BROKER/(6387:6387): IP_BROKER=127.0.0.1
[INFO] 19:47:10:451 BROKER/(6387:6387): PUERTO_BROKER=5009
[INFO] 19:47:10:456 BROKER/(6387:6387): FRECUENCIA_COMPACTACION=3
[INFO] 19:47:10:457 BROKER/(6387:6387): LOG_FILE=BROKER.log
[INFO] 19:47:10:457 BROKER/(6387:6387): - CONFIGURACION IMPORTADA

[INFO] 19:47:10:457 BROKER/(6387:6387): Desde el main veo IP=127.0.0.1 y PUERTO=5009
[INFO] 21:22:50:374 BROKER/(8490:8490): TAMANO_MEMORIA=2048
[INFO] 21:22:50:377 BROKER/(8490:8490): TAMANO_MINIMO_PARTICION=32
[INFO] 21:22:50:377 BROKER/(8490:8490): ALGORITMO_MEMORIA=BS
[INFO] 21:22:50:377 BROKER/(8490:8490): ALGORITMO_REEMPLAZO=FIFO
[INFO] 21:22:50:377 BROKER/(8490:8490): IP_BROKER=127.0.0.1
[INFO] 21:22:50:377 BROKER/(8490:8490): PUERTO_BROKER=5009
[INFO] 21:22:50:377 BROKER/(8490:8490): FRECUENCIA_COMPACTACION=3
[INFO] 21:22:50:377 BROKER/(8490:8490): LOG_FILE=BROKER.log
[INFO] 21:22:50:377 BROKER/(8490:8490): - CONFIGURACION IMPORTADA

[INFO] 21:22:50:377 BROKER/(8490:8490): Desde el main veo IP=127.0.0.1 y PUERTO=5009
[INFO] 21:22:50:377 BROKER/(8490:8490): ESCHUCHANDO CONEXIONES
[INFO] 21:22:50:377 BROKER/(8490:8490): iiiiIIIII!!!
[INFO] 21:31:37:951 BROKER/(8735:8735): TAMANO_MEMORIA=2048
[INFO] 21:31:37:951 BROKER/(8735:8735): TAMANO_MINIMO_PARTICION=32
[INFO] 21:31:37:951 BROKER/(8735:8735): ALGORITMO_MEMORIA=BS
[INFO] 21:31:37:951 BROKER/(8735:8735): ALGORITMO_REEMPLAZO=FIFO
[INFO] 21:31:37:951 BROKER/(8735:8735): IP_BROKER=127.0.0.1
[INFO] 21:31:37:951 BROKER/(8735:8735): PUERTO_BROKER=5009
[INFO] 21:31:37:951 BROKER/(8735:8735): FRECUENCIA_COMPACTACION=3
[INFO] 21:31:37:951 BROKER/(8735:8735): LOG_FILE=BROKER.log
[INFO] 21:31:37:951 BROKER/(8735:8735): - CONFIGURACION IMPORTADA

[INFO] 21:31:37:951 BROKER/(8735:8735): Desde el main veo IP=127.0.0.1 y PUERTO=5009
[INFO] 21:31:37:951 BROKER/(8735:8735): ESCHUCHANDO CONEXIONES
[INFO] 21:31:37:951 BROKER/(8735:8735): iiiiIIIII!!!
[INFO] 21:31:37:951 BROKER/(8735:8735): Falló al aceptar conexión
[INFO] 21:34:44:378 BROKER/(8862:8862): TAMANO_MEMORIA=2048
[INFO] 21:34:44:397 BROKER/(8862:8862): TAMANO_MINIMO_PARTICION=32
[INFO] 21:34:44:398 BROKER/(8862:8862): ALGORITMO_MEMORIA=BS
[INFO] 21:34:44:398 BROKER/(8862:8862): ALGORITMO_REEMPLAZO=FIFO
[INFO] 21:34:44:398 BROKER/(8862:8862): IP_BROKER=127.0.0.1
[INFO] 21:34:44:398 BROKER/(8862:8862): PUERTO_BROKER=5009
[INFO] 21:34:44:398 BROKER/(8862:8862): FRECUENCIA_COMPACTACION=3
[INFO] 21:34:44:398 BROKER/(8862:8862): LOG_FILE=BROKER.log
[INFO] 21:34:44:398 BROKER/(8862:8862): - CONFIGURACION IMPORTADA

[INFO] 21:34:44:398 BROKER/(8862:8862): Desde el main veo IP=127.0.0.1 y PUERTO=5009
[INFO] 21:34:44:398 BROKER/(8862:8862): ESCHUCHANDO CONEXIONES
[INFO] 21:34:44:398 BROKER/(8862:8862): iiiiIIIII!!!
[INFO] 21:34:44:398 BROKER/(8862:8862): Falló al aceptar conexión
[INFO] 21:37:19:783 BROKER/(8984:8984): TAMANO_MEMORIA=2048
[INFO] 21:37:19:784 BROKER/(8984:8984): TAMANO_MINIMO_PARTICION=32
[INFO] 21:37:19:786 BROKER/(8984:8984): ALGORITMO_MEMORIA=BS
[INFO] 21:37:19:786 BROKER/(8984:8984): ALGORITMO_REEMPLAZO=FIFO
[INFO] 21:37:19:786 BROKER/(8984:8984): IP_BROKER=127.0.0.1
[INFO] 21:37:19:786 BROKER/(8984:8984): PUERTO_BROKER=5009
[INFO] 21:37:19:786 BROKER/(8984:8984): FRECUENCIA_COMPACTACION=3
[INFO] 21:37:19:786 BROKER/(8984:8984): LOG_FILE=BROKER.log
[INFO] 21:37:19:786 BROKER/(8984:8984): - CONFIGURACION IMPORTADA

[INFO] 21:37:19:788 BROKER/(8984:8984): Desde el main veo IP=127.0.0.1 y PUERTO=5009
[INFO] 21:37:19:788 BROKER/(8984:8984): ESCHUCHANDO CONEXIONES
[INFO] 21:37:19:792 BROKER/(8984:8984): iiiiIIIII!!!
[INFO] 21:37:19:794 BROKER/(8984:8984): Falló al aceptar conexión
[INFO] 21:43:55:60 BROKER/(9244:9244): TAMANO_MEMORIA=2048
[INFO] 21:43:55:61 BROKER/(9244:9244): TAMANO_MINIMO_PARTICION=32
[INFO] 21:43:55:63 BROKER/(9244:9244): ALGORITMO_MEMORIA=BS
[INFO] 21:43:55:63 BROKER/(9244:9244): ALGORITMO_REEMPLAZO=FIFO
[INFO] 21:43:55:63 BROKER/(9244:9244): IP_BROKER=127.0.0.1
[INFO] 21:43:55:67 BROKER/(9244:9244): PUERTO_BROKER=5009
[INFO] 21:43:55:67 BROKER/(9244:9244): FRECUENCIA_COMPACTACION=3
[INFO] 21:43:55:67 BROKER/(9244:9244): LOG_FILE=BROKER.log
[INFO] 21:43:55:67 BROKER/(9244:9244): - CONFIGURACION IMPORTADA

[INFO] 21:43:55:67 BROKER/(9244:9244): Desde el main veo IP=127.0.0.1 y PUERTO=5009
[INFO] 21:43:55:67 BROKER/(9244:9244): ESCHUCHANDO CONEXIONES
[INFO] 21:43:55:67 BROKER/(9244:9244): iiiiIIIII!!!
[INFO] 21:43:55:67 BROKER/(9244:9244): Falló al aceptar conexión
[INFO] 21:46:17:587 BROKER/(8490:8490): Se ha aceptado una conexion: 5

[INFO] 21:46:17:588 BROKER/(8490:8490): Handler asignado

[INFO] 21:46:17:591 BROKER/(8490:9529): Se ha producido un problema de conexión y el hilo programa se dejará de planificar: 0.

[INFO] 21:46:33:575 BROKER/(9559:9559): TAMANO_MEMORIA=2048
[INFO] 21:46:33:582 BROKER/(9559:9559): TAMANO_MINIMO_PARTICION=32
[INFO] 21:46:33:582 BROKER/(9559:9559): ALGORITMO_MEMORIA=BS
[INFO] 21:46:33:582 BROKER/(9559:9559): ALGORITMO_REEMPLAZO=FIFO
[INFO] 21:46:33:582 BROKER/(9559:9559): IP_BROKER=127.0.0.1
[INFO] 21:46:33:582 BROKER/(9559:9559): PUERTO_BROKER=5009
[INFO] 21:46:33:582 BROKER/(9559:9559): FRECUENCIA_COMPACTACION=3
[INFO] 21:46:33:582 BROKER/(9559:9559): LOG_FILE=BROKER.log
[INFO] 21:46:33:582 BROKER/(9559:9559): - CONFIGURACION IMPORTADA

[INFO] 21:46:33:582 BROKER/(9559:9559): Desde el main veo IP=127.0.0.1 y PUERTO=5009
[INFO] 21:46:33:582 BROKER/(9559:9559): ESCHUCHANDO CONEXIONES
[INFO] 21:46:33:582 BROKER/(9559:9559): iiiiIIIII!!!
[INFO] 21:46:33:583 BROKER/(9559:9559): Falló al aceptar conexión
[INFO] 21:46:50:907 BROKER/(9578:9578): TAMANO_MEMORIA=2048
[INFO] 21:46:50:918 BROKER/(9578:9578): TAMANO_MINIMO_PARTICION=32
[INFO] 21:46:50:918 BROKER/(9578:9578): ALGORITMO_MEMORIA=BS
[INFO] 21:46:50:918 BROKER/(9578:9578): ALGORITMO_REEMPLAZO=FIFO
[INFO] 21:46:50:918 BROKER/(9578:9578): IP_BROKER=127.0.0.1
[INFO] 21:46:50:918 BROKER/(9578:9578): PUERTO_BROKER=5009
[INFO] 21:46:50:918 BROKER/(9578:9578): FRECUENCIA_COMPACTACION=3
[INFO] 21:46:50:918 BROKER/(9578:9578): LOG_FILE=BROKER.log
[INFO] 21:46:50:918 BROKER/(9578:9578): - CONFIGURACION IMPORTADA

[INFO] 21:46:50:918 BROKER/(9578:9578): Desde el main veo IP=127.0.0.1 y PUERTO=5009
[INFO] 21:46:50:918 BROKER/(9578:9578): ESCHUCHANDO CONEXIONES
[INFO] 21:46:50:918 BROKER/(9578:9578): iiiiIIIII!!!
[INFO] 21:47:03:18 BROKER/(9578:9578): Se ha aceptado una conexion: 5

[INFO] 21:47:03:18 BROKER/(9578:9578): Handler asignado

[INFO] 21:47:03:20 BROKER/(9578:9584): Se ha producido un problema de conexión y el hilo programa se dejará de planificar: 0.

[INFO] 21:51:07:828 BROKER/(9674:9674): TAMANO_MEMORIA=2048
[INFO] 21:51:07:829 BROKER/(9674:9674): TAMANO_MINIMO_PARTICION=32
[INFO] 21:51:07:829 BROKER/(9674:9674): ALGORITMO_MEMORIA=BS
[INFO] 21:51:07:829 BROKER/(9674:9674): ALGORITMO_REEMPLAZO=FIFO
[INFO] 21:51:07:829 BROKER/(9674:9674): IP_BROKER=127.0.0.1
[INFO] 21:51:07:829 BROKER/(9674:9674): PUERTO_BROKER=5009
[INFO] 21:51:07:829 BROKER/(9674:9674): FRECUENCIA_COMPACTACION=3
[INFO] 21:51:07:830 BROKER/(9674:9674): LOG_FILE=BROKER.log
[INFO] 21:51:07:830 BROKER/(9674:9674): - CONFIGURACION IMPORTADA

[INFO] 21:51:07:830 BROKER/(9674:9674): Desde el main veo IP=127.0.0.1 y PUERTO=5009
[INFO] 21:51:07:830 BROKER/(9674:9674): ESCHUCHANDO CONEXIONES
[INFO] 21:51:07:830 BROKER/(9674:9674): iiiiIIIII!!!
[INFO] 21:51:07:830 BROKER/(9674:9674): Falló al aceptar conexión
[INFO] 21:51:18:567 BROKER/(9688:9688): TAMANO_MEMORIA=2048
[INFO] 21:51:18:574 BROKER/(9688:9688): TAMANO_MINIMO_PARTICION=32
[INFO] 21:51:18:574 BROKER/(9688:9688): ALGORITMO_MEMORIA=BS
[INFO] 21:51:18:579 BROKER/(9688:9688): ALGORITMO_REEMPLAZO=FIFO
[INFO] 21:51:18:579 BROKER/(9688:9688): IP_BROKER=127.0.0.1
[INFO] 21:51:18:579 BROKER/(9688:9688): PUERTO_BROKER=5009
[INFO] 21:51:18:579 BROKER/(9688:9688): FRECUENCIA_COMPACTACION=3
[INFO] 21:51:18:579 BROKER/(9688:9688): LOG_FILE=BROKER.log
[INFO] 21:51:18:580 BROKER/(9688:9688): - CONFIGURACION IMPORTADA

[INFO] 21:51:18:580 BROKER/(9688:9688): Desde el main veo IP=127.0.0.1 y PUERTO=5009
[INFO] 21:51:18:580 BROKER/(9688:9688): ESCHUCHANDO CONEXIONES
[INFO] 21:51:18:580 BROKER/(9688:9688): iiiiIIIII!!!
[INFO] 21:51:30:724 BROKER/(9688:9688): Se ha aceptado una conexion: 5

[INFO] 21:51:30:725 BROKER/(9688:9688): Handler asignado

[INFO] 21:51:30:728 BROKER/(9688:9696): Se ha producido un problema de conexión y el hilo programa se dejará de planificar: 0.

[INFO] 21:55:44:605 BROKER/(9851:9851): TAMANO_MEMORIA=2048
[INFO] 21:55:44:609 BROKER/(9851:9851): TAMANO_MINIMO_PARTICION=32
[INFO] 21:55:44:613 BROKER/(9851:9851): ALGORITMO_MEMORIA=BS
[INFO] 21:55:44:613 BROKER/(9851:9851): ALGORITMO_REEMPLAZO=FIFO
[INFO] 21:55:44:614 BROKER/(9851:9851): IP_BROKER=127.0.0.1
[INFO] 21:55:44:614 BROKER/(9851:9851): PUERTO_BROKER=5009
[INFO] 21:55:44:614 BROKER/(9851:9851): FRECUENCIA_COMPACTACION=3
[INFO] 21:55:44:614 BROKER/(9851:9851): LOG_FILE=BROKER.log
[INFO] 21:55:44:614 BROKER/(9851:9851): - CONFIGURACION IMPORTADA

[INFO] 21:55:44:614 BROKER/(9851:9851): Desde el main veo IP=127.0.0.1 y PUERTO=5009
[INFO] 21:55:44:614 BROKER/(9851:9851): ESCHUCHANDO CONEXIONES
[INFO] 21:55:44:614 BROKER/(9851:9851): iiiiIIIII!!!
[INFO] 21:55:50:941 BROKER/(9851:9851): Se ha aceptado una conexion: 5

[INFO] 21:55:50:943 BROKER/(9851:9851): Handler asignado

[INFO] 21:55:50:944 BROKER/(9851:9857): Se ha producido un problema de conexión y el hilo programa se dejará de planificar: 0.

[INFO] 00:49:09:445 BROKER/(8014:8014): TAMANO_MEMORIA=2048
[INFO] 00:49:09:453 BROKER/(8014:8014): TAMANO_MINIMO_PARTICION=32
[INFO] 00:49:09:453 BROKER/(8014:8014): ALGORITMO_MEMORIA=BS
[INFO] 00:49:09:457 BROKER/(8014:8014): ALGORITMO_REEMPLAZO=FIFO
[INFO] 00:49:09:457 BROKER/(8014:8014): IP_BROKER=127.0.0.1
[INFO] 00:49:09:457 BROKER/(8014:8014): PUERTO_BROKER=5009
[INFO] 00:49:09:457 BROKER/(8014:8014): FRECUENCIA_COMPACTACION=3
[INFO] 00:49:09:457 BROKER/(8014:8014): LOG_FILE=BROKER.log
[INFO] 00:49:09:458 BROKER/(8014:8014): - CONFIGURACION IMPORTADA

[INFO] 00:49:09:458 BROKER/(8014:8014): Desde el main veo IP=127.0.0.1 y PUERTO=5009
[INFO] 00:49:09:458 BROKER/(8014:8014): ESCHUCHANDO CONEXIONES
[INFO] 00:49:09:458 BROKER/(8014:8014): iiiiIIIII!!!
[INFO] 00:49:17:896 BROKER/(8014:8014): Se ha aceptado una conexion: 5

[INFO] 00:49:17:896 BROKER/(8014:8014): Handler asignado

[INFO] 00:49:17:905 BROKER/(8014:8016): Se ha producido un problema de conexión y el hilo programa se dejará de planificar: 0.

[INFO] 00:50:38:827 BROKER/(8014:8014): Se ha aceptado una conexion: 7

[INFO] 00:50:38:828 BROKER/(8014:8014): Handler asignado

[INFO] 00:50:38:831 BROKER/(8014:8147): Se ha producido un problema de conexión y el hilo programa se dejará de planificar: 0.

[INFO] 00:50:44:604 BROKER/(8014:8014): Se ha aceptado una conexion: 8

[INFO] 00:50:44:604 BROKER/(8014:8014): Handler asignado

[INFO] 00:50:44:607 BROKER/(8014:8150): Se ha producido un problema de conexión y el hilo programa se dejará de planificar: 0.

[INFO] 00:50:45:212 BROKER/(8014:8014): Se ha aceptado una conexion: 9

[INFO] 00:50:45:213 BROKER/(8014:8014): Handler asignado

[INFO] 00:50:45:216 BROKER/(8014:8152): Se ha producido un problema de conexión y el hilo programa se dejará de planificar: 0.

[INFO] 00:50:45:636 BROKER/(8014:8014): Se ha aceptado una conexion: 10

[INFO] 00:50:45:637 BROKER/(8014:8014): Handler asignado

[INFO] 00:50:45:640 BROKER/(8014:8154): Se ha producido un problema de conexión y el hilo programa se dejará de planificar: 0.

[INFO] 00:50:45:909 BROKER/(8014:8014): Se ha aceptado una conexion: 11

[INFO] 00:50:45:910 BROKER/(8014:8014): Handler asignado

[INFO] 00:50:45:913 BROKER/(8014:8156): Se ha producido un problema de conexión y el hilo programa se dejará de planificar: 0.

[INFO] 00:50:46:140 BROKER/(8014:8014): Se ha aceptado una conexion: 12

[INFO] 00:50:46:141 BROKER/(8014:8014): Handler asignado

[INFO] 00:50:46:144 BROKER/(8014:8158): Se ha producido un problema de conexión y el hilo programa se dejará de planificar: 0.

[INFO] 00:50:46:372 BROKER/(8014:8014): Se ha aceptado una conexion: 13

[INFO] 00:50:46:373 BROKER/(8014:8014): Handler asignado

[INFO] 00:50:46:376 BROKER/(8014:8160): Se ha producido un problema de conexión y el hilo programa se dejará de planificar: 0.

[INFO] 00:50:46:588 BROKER/(8014:8014): Se ha aceptado una conexion: 14

[INFO] 00:50:46:589 BROKER/(8014:8014): Handler asignado

[INFO] 00:50:46:592 BROKER/(8014:8162): Se ha producido un problema de conexión y el hilo programa se dejará de planificar: 0.

[INFO] 00:50:46:796 BROKER/(8014:8014): Se ha aceptado una conexion: 15

[INFO] 00:50:46:797 BROKER/(8014:8014): Handler asignado

[INFO] 00:50:46:800 BROKER/(8014:8164): Se ha producido un problema de conexión y el hilo programa se dejará de planificar: 0.

[INFO] 00:50:47:44 BROKER/(8014:8014): Se ha aceptado una conexion: 16

[INFO] 00:50:47:45 BROKER/(8014:8014): Handler asignado

[INFO] 00:50:47:48 BROKER/(8014:8166): Se ha producido un problema de conexión y el hilo programa se dejará de planificar: 0.

[INFO] 00:50:47:284 BROKER/(8014:8014): Se ha aceptado una conexion: 17

[INFO] 00:50:47:284 BROKER/(8014:8014): Handler asignado

[INFO] 00:50:47:288 BROKER/(8014:8168): Se ha producido un problema de conexión y el hilo programa se dejará de planificar: 0.

[INFO] 00:50:47:508 BROKER/(8014:8014): Se ha aceptado una conexion: 18

[INFO] 00:50:47:508 BROKER/(8014:8014): Handler asignado

[INFO] 00:50:47:511 BROKER/(8014:8170): Se ha producido un problema de conexión y el hilo programa se dejará de planificar: 0.

[INFO] 00:50:47:740 BROKER/(8014:8014): Se ha aceptado una conexion: 19

[INFO] 00:50:47:740 BROKER/(8014:8014): Handler asignado

[INFO] 00:50:47:743 BROKER/(8014:8172): Se ha producido un problema de conexión y el hilo programa se dejará de planificar: 0.

[INFO] 00:50:57:102 BROKER/(8174:8174): TAMANO_MEMORIA=2048
[INFO] 00:50:57:102 BROKER/(8174:8174): TAMANO_MINIMO_PARTICION=32
[INFO] 00:50:57:102 BROKER/(8174:8174): ALGORITMO_MEMORIA=BS
[INFO] 00:50:57:102 BROKER/(8174:8174): ALGORITMO_REEMPLAZO=FIFO
[INFO] 00:50:57:103 BROKER/(8174:8174): IP_BROKER=127.0.0.1
[INFO] 00:50:57:103 BROKER/(8174:8174): PUERTO_BROKER=5009
[INFO] 00:50:57:103 BROKER/(8174:8174): FRECUENCIA_COMPACTACION=3
[INFO] 00:50:57:103 BROKER/(8174:8174): LOG_FILE=BROKER.log
[INFO] 00:50:57:103 BROKER/(8174:8174): - CONFIGURACION IMPORTADA

[INFO] 00:50:57:104 BROKER/(8174:8174): Desde el main veo IP=127.0.0.1 y PUERTO=5009
[INFO] 00:50:57:104 BROKER/(8174:8174): ESCHUCHANDO CONEXIONES
[INFO] 00:50:57:104 BROKER/(8174:8174): iiiiIIIII!!!
[INFO] 00:51:24:520 BROKER/(8174:8174): Se ha aceptado una conexion: 5

[INFO] 00:51:24:520 BROKER/(8174:8174): Handler asignado

[INFO] 00:51:24:526 BROKER/(8174:8175): Se ha producido un problema de conexión y el hilo programa se dejará de planificar: 0.

[INFO] 01:34:52:110 BROKER/(9611:9611): TAMANO_MEMORIA=2048
[INFO] 01:34:52:142 BROKER/(9611:9611): TAMANO_MINIMO_PARTICION=32
[INFO] 01:34:52:143 BROKER/(9611:9611): ALGORITMO_MEMORIA=BS
[INFO] 01:34:52:143 BROKER/(9611:9611): ALGORITMO_REEMPLAZO=FIFO
[INFO] 01:34:52:144 BROKER/(9611:9611): IP_BROKER=127.0.0.1
[INFO] 01:34:52:144 BROKER/(9611:9611): PUERTO_BROKER=5009
[INFO] 01:34:52:144 BROKER/(9611:9611): FRECUENCIA_COMPACTACION=3
[INFO] 01:34:52:145 BROKER/(9611:9611): LOG_FILE=BROKER.log
[INFO] 01:34:52:145 BROKER/(9611:9611): - CONFIGURACION IMPORTADA

[INFO] 01:34:52:146 BROKER/(9611:9611): Desde el main veo IP=127.0.0.1 y PUERTO=5009
[INFO] 01:34:52:146 BROKER/(9611:9611): ESCHUCHANDO CONEXIONES
[INFO] 01:34:52:146 BROKER/(9611:9611): iiiiIIIII!!!
[INFO] 01:35:14:468 BROKER/(9611:9611): Se ha aceptado una conexion: 5

[INFO] 01:35:14:468 BROKER/(9611:9611): Handler asignado

[INFO] 01:40:34:31 BROKER/(9832:9832): TAMANO_MEMORIA=2048
[INFO] 01:40:35:37 BROKER/(9832:9832): TAMANO_MINIMO_PARTICION=32
[INFO] 01:40:35:38 BROKER/(9832:9832): ALGORITMO_MEMORIA=BS
[INFO] 01:40:35:38 BROKER/(9832:9832): ALGORITMO_REEMPLAZO=FIFO
[INFO] 01:40:35:39 BROKER/(9832:9832): IP_BROKER=127.0.0.1
[INFO] 01:40:35:39 BROKER/(9832:9832): PUERTO_BROKER=5009
[INFO] 01:40:35:39 BROKER/(9832:9832): FRECUENCIA_COMPACTACION=3
[INFO] 01:40:35:40 BROKER/(9832:9832): LOG_FILE=BROKER.log
[INFO] 01:40:35:40 BROKER/(9832:9832): - CONFIGURACION IMPORTADA

[INFO] 01:40:35:40 BROKER/(9832:9832): Desde el main veo IP=127.0.0.1 y PUERTO=5009
[INFO] 01:40:35:41 BROKER/(9832:9832): ESCHUCHANDO CONEXIONES
[INFO] 01:40:35:41 BROKER/(9832:9832): iiiiIIIII!!!
[INFO] 01:40:37:938 BROKER/(9832:9832): Se ha aceptado una conexion: 5

[INFO] 01:40:37:938 BROKER/(9832:9832): Handler asignado

[INFO] 01:43:21:987 BROKER/(9927:9927): TAMANO_MEMORIA=2048
[INFO] 01:43:21:997 BROKER/(9927:9927): TAMANO_MINIMO_PARTICION=32
[INFO] 01:43:21:997 BROKER/(9927:9927): ALGORITMO_MEMORIA=BS
[INFO] 01:43:21:997 BROKER/(9927:9927): ALGORITMO_REEMPLAZO=FIFO
[INFO] 01:43:21:997 BROKER/(9927:9927): IP_BROKER=127.0.0.1
[INFO] 01:43:21:997 BROKER/(9927:9927): PUERTO_BROKER=5009
[INFO] 01:43:21:998 BROKER/(9927:9927): FRECUENCIA_COMPACTACION=3
[INFO] 01:43:21:998 BROKER/(9927:9927): LOG_FILE=BROKER.log
[INFO] 01:43:21:998 BROKER/(9927:9927): - CONFIGURACION IMPORTADA

[INFO] 01:43:21:998 BROKER/(9927:9927): Desde el main veo IP=127.0.0.1 y PUERTO=5009
[INFO] 01:43:21:998 BROKER/(9927:9927): ESCHUCHANDO CONEXIONES
[INFO] 01:43:21:998 BROKER/(9927:9927): iiiiIIIII!!!
[INFO] 01:43:25:168 BROKER/(9927:9927): Se ha aceptado una conexion: 5

[INFO] 01:43:25:168 BROKER/(9927:9927): Handler asignado

[INFO] 01:44:48:527 BROKER/(9976:9976): TAMANO_MEMORIA=2048
[INFO] 01:44:48:537 BROKER/(9976:9976): TAMANO_MINIMO_PARTICION=32
[INFO] 01:44:48:537 BROKER/(9976:9976): ALGORITMO_MEMORIA=BS
[INFO] 01:44:48:537 BROKER/(9976:9976): ALGORITMO_REEMPLAZO=FIFO
[INFO] 01:44:48:537 BROKER/(9976:9976): IP_BROKER=127.0.0.1
[INFO] 01:44:48:538 BROKER/(9976:9976): PUERTO_BROKER=5009
[INFO] 01:44:48:538 BROKER/(9976:9976): FRECUENCIA_COMPACTACION=3
[INFO] 01:44:48:538 BROKER/(9976:9976): LOG_FILE=BROKER.log
[INFO] 01:44:48:538 BROKER/(9976:9976): - CONFIGURACION IMPORTADA

[INFO] 01:44:48:538 BROKER/(9976:9976): Desde el main veo IP=127.0.0.1 y PUERTO=5009
[INFO] 01:44:48:538 BROKER/(9976:9976): ESCHUCHANDO CONEXIONES
[INFO] 01:44:48:538 BROKER/(9976:9976): iiiiIIIII!!!
[INFO] 01:44:51:146 BROKER/(9976:9976): Se ha aceptado una conexion: 5

[INFO] 01:44:51:146 BROKER/(9976:9976): Handler asignado

[INFO] 01:46:30:609 BROKER/(10048:10048): TAMANO_MEMORIA=2048
[INFO] 01:46:30:620 BROKER/(10048:10048): TAMANO_MINIMO_PARTICION=32
[INFO] 01:46:30:621 BROKER/(10048:10048): ALGORITMO_MEMORIA=BS
[INFO] 01:46:30:621 BROKER/(10048:10048): ALGORITMO_REEMPLAZO=FIFO
[INFO] 01:46:30:621 BROKER/(10048:10048): IP_BROKER=127.0.0.1
[INFO] 01:46:30:622 BROKER/(10048:10048): PUERTO_BROKER=5009
[INFO] 01:46:30:622 BROKER/(10048:10048): FRECUENCIA_COMPACTACION=3
[INFO] 01:46:30:622 BROKER/(10048:10048): LOG_FILE=BROKER.log
[INFO] 01:46:30:622 BROKER/(10048:10048): - CONFIGURACION IMPORTADA

[INFO] 01:46:34:873 BROKER/(10048:10048): Desde el main veo IP=127.0.0.1 y PUERTO=5009
[INFO] 01:46:39:632 BROKER/(10048:10048): ESCHUCHANDO CONEXIONES
[INFO] 01:46:40:734 BROKER/(10048:10048): iiiiIIIII!!!
[INFO] 01:46:49:502 BROKER/(10048:10048): Se ha aceptado una conexion: 5

[INFO] 01:50:40:737 BROKER/(10225:10225): TAMANO_MEMORIA=2048
[INFO] 01:50:40:747 BROKER/(10225:10225): TAMANO_MINIMO_PARTICION=32
[INFO] 01:50:40:747 BROKER/(10225:10225): ALGORITMO_MEMORIA=BS
[INFO] 01:50:40:748 BROKER/(10225:10225): ALGORITMO_REEMPLAZO=FIFO
[INFO] 01:50:40:748 BROKER/(10225:10225): IP_BROKER=127.0.0.1
[INFO] 01:50:40:748 BROKER/(10225:10225): PUERTO_BROKER=5009
[INFO] 01:50:40:748 BROKER/(10225:10225): FRECUENCIA_COMPACTACION=3
[INFO] 01:50:40:748 BROKER/(10225:10225): LOG_FILE=BROKER.log
[INFO] 01:50:40:748 BROKER/(10225:10225): - CONFIGURACION IMPORTADA

[INFO] 01:50:40:748 BROKER/(10225:10225): Desde el main veo IP=127.0.0.1 y PUERTO=5009
[INFO] 01:50:40:748 BROKER/(10225:10225): ESCHUCHANDO CONEXIONES
[INFO] 01:50:40:748 BROKER/(10225:10225): iiiiIIIII!!!
[INFO] 01:50:43:761 BROKER/(10225:10225): Se ha aceptado una conexion: 5

[INFO] 01:50:43:761 BROKER/(10225:10225): Handler asignado

[INFO] 01:51:41:277 BROKER/(10291:10291): TAMANO_MEMORIA=2048
[INFO] 01:51:41:292 BROKER/(10291:10291): TAMANO_MINIMO_PARTICION=32
[INFO] 01:51:41:292 BROKER/(10291:10291): ALGORITMO_MEMORIA=BS
[INFO] 01:51:41:292 BROKER/(10291:10291): ALGORITMO_REEMPLAZO=FIFO
[INFO] 01:51:41:292 BROKER/(10291:10291): IP_BROKER=127.0.0.1
[INFO] 01:51:41:292 BROKER/(10291:10291): PUERTO_BROKER=5009
[INFO] 01:51:41:292 BROKER/(10291:10291): FRECUENCIA_COMPACTACION=3
[INFO] 01:51:41:292 BROKER/(10291:10291): LOG_FILE=BROKER.log
[INFO] 01:51:41:292 BROKER/(10291:10291): - CONFIGURACION IMPORTADA

[INFO] 01:51:44:58 BROKER/(10291:10291): Desde el main veo IP=127.0.0.1 y PUERTO=5009
[INFO] 01:51:46:575 BROKER/(10291:10291): ESCHUCHANDO CONEXIONES
[INFO] 01:51:47:534 BROKER/(10291:10291): iiiiIIIII!!!
[INFO] 01:51:57:536 BROKER/(10291:10291): Se ha aceptado una conexion: 5

[INFO] 01:52:43:909 BROKER/(10359:10359): TAMANO_MEMORIA=2048
[INFO] 01:52:43:910 BROKER/(10359:10359): TAMANO_MINIMO_PARTICION=32
[INFO] 01:52:43:910 BROKER/(10359:10359): ALGORITMO_MEMORIA=BS
[INFO] 01:52:43:910 BROKER/(10359:10359): ALGORITMO_REEMPLAZO=FIFO
[INFO] 01:52:43:910 BROKER/(10359:10359): IP_BROKER=127.0.0.1
[INFO] 01:52:43:910 BROKER/(10359:10359): PUERTO_BROKER=5009
[INFO] 01:52:43:910 BROKER/(10359:10359): FRECUENCIA_COMPACTACION=3
[INFO] 01:52:43:910 BROKER/(10359:10359): LOG_FILE=BROKER.log
[INFO] 01:52:43:910 BROKER/(10359:10359): - CONFIGURACION IMPORTADA

[INFO] 01:52:43:910 BROKER/(10359:10359): Desde el main veo IP=127.0.0.1 y PUERTO=5009
[INFO] 01:52:46:859 BROKER/(10359:10359): ESCHUCHANDO CONEXIONES
[INFO] 01:52:49:699 BROKER/(10359:10359): iiiiIIIII!!!
[INFO] 01:53:43:595 BROKER/(10412:10412): TAMANO_MEMORIA=2048
[INFO] 01:53:43:606 BROKER/(10412:10412): TAMANO_MINIMO_PARTICION=32
[INFO] 01:53:43:606 BROKER/(10412:10412): ALGORITMO_MEMORIA=BS
[INFO] 01:53:43:606 BROKER/(10412:10412): ALGORITMO_REEMPLAZO=FIFO
[INFO] 01:53:43:607 BROKER/(10412:10412): IP_BROKER=127.0.0.1
[INFO] 01:53:43:607 BROKER/(10412:10412): PUERTO_BROKER=5009
[INFO] 01:53:43:607 BROKER/(10412:10412): FRECUENCIA_COMPACTACION=3
[INFO] 01:53:43:607 BROKER/(10412:10412): LOG_FILE=BROKER.log
[INFO] 01:53:43:607 BROKER/(10412:10412): - CONFIGURACION IMPORTADA

[INFO] 01:53:43:607 BROKER/(10412:10412): Desde el main veo IP=127.0.0.1 y PUERTO=5009
[INFO] 01:53:49:503 BROKER/(10412:10412): ESCHUCHANDO CONEXIONES
[INFO] 01:53:50:853 BROKER/(10412:10412): iiiiIIIII!!!
[INFO] 01:54:03:443 BROKER/(10412:10412): Se ha aceptado una conexion: 5

[INFO] 01:54:31:294 BROKER/(10412:10412): Handler asignado

[INFO] 01:55:06:501 BROKER/(10476:10476): TAMANO_MEMORIA=2048
[INFO] 01:55:06:502 BROKER/(10476:10476): TAMANO_MINIMO_PARTICION=32
[INFO] 01:55:06:502 BROKER/(10476:10476): ALGORITMO_MEMORIA=BS
[INFO] 01:55:06:502 BROKER/(10476:10476): ALGORITMO_REEMPLAZO=FIFO
[INFO] 01:55:06:502 BROKER/(10476:10476): IP_BROKER=127.0.0.1
[INFO] 01:55:06:502 BROKER/(10476:10476): PUERTO_BROKER=5009
[INFO] 01:55:06:502 BROKER/(10476:10476): FRECUENCIA_COMPACTACION=3
[INFO] 01:55:06:502 BROKER/(10476:10476): LOG_FILE=BROKER.log
[INFO] 01:55:06:502 BROKER/(10476:10476): - CONFIGURACION IMPORTADA

[INFO] 01:55:06:502 BROKER/(10476:10476): Desde el main veo IP=127.0.0.1 y PUERTO=5009
[INFO] 01:55:18:790 BROKER/(10476:10476): ESCHUCHANDO CONEXIONES
[INFO] 01:55:18:790 BROKER/(10476:10476): iiiiIIIII!!!
[INFO] 01:55:18:790 BROKER/(10476:10476): Se ha aceptado una conexion: 5

[INFO] 01:55:18:792 BROKER/(10476:10476): Handler asignado

[INFO] 02:00:10:564 BROKER/(10654:10654): TAMANO_MEMORIA=2048
[INFO] 02:00:10:571 BROKER/(10654:10654): TAMANO_MINIMO_PARTICION=32
[INFO] 02:00:10:571 BROKER/(10654:10654): ALGORITMO_MEMORIA=BS
[INFO] 02:00:10:571 BROKER/(10654:10654): ALGORITMO_REEMPLAZO=FIFO
[INFO] 02:00:10:571 BROKER/(10654:10654): IP_BROKER=127.0.0.1
[INFO] 02:00:10:571 BROKER/(10654:10654): PUERTO_BROKER=5009
[INFO] 02:00:10:571 BROKER/(10654:10654): FRECUENCIA_COMPACTACION=3
[INFO] 02:00:10:571 BROKER/(10654:10654): LOG_FILE=BROKER.log
[INFO] 02:00:10:571 BROKER/(10654:10654): - CONFIGURACION IMPORTADA

[INFO] 02:00:10:571 BROKER/(10654:10654): Desde el main veo IP=127.0.0.1 y PUERTO=5009
[INFO] 02:00:15:707 BROKER/(10654:10654): ESCHUCHANDO CONEXIONES
[INFO] 02:00:15:707 BROKER/(10654:10654): iiiiIIIII!!!
[INFO] 02:00:22:55 BROKER/(10654:10654): Se ha aceptado una conexion: 5

[INFO] 02:00:22:60 BROKER/(10654:10654): Handler asignado

[INFO] 02:02:53:128 BROKER/(10654:10669): Estoy dentro del handler loco

[INFO] 02:03:05:269 BROKER/(10654:10654): Se ha aceptado una conexion: 6

[INFO] 02:03:05:329 BROKER/(10654:10654): Handler asignado

[INFO] 02:03:11:62 BROKER/(10654:10734): Estoy dentro del handler loco

[INFO] 02:06:13:464 BROKER/(10807:10807): TAMANO_MEMORIA=2048
[INFO] 02:06:13:473 BROKER/(10807:10807): TAMANO_MINIMO_PARTICION=32
[INFO] 02:06:13:473 BROKER/(10807:10807): ALGORITMO_MEMORIA=BS
[INFO] 02:06:13:473 BROKER/(10807:10807): ALGORITMO_REEMPLAZO=FIFO
[INFO] 02:06:13:473 BROKER/(10807:10807): IP_BROKER=127.0.0.1
[INFO] 02:06:13:473 BROKER/(10807:10807): PUERTO_BROKER=5009
[INFO] 02:06:13:473 BROKER/(10807:10807): FRECUENCIA_COMPACTACION=3
[INFO] 02:06:13:474 BROKER/(10807:10807): LOG_FILE=BROKER.log
[INFO] 02:06:13:474 BROKER/(10807:10807): - CONFIGURACION IMPORTADA

[INFO] 02:06:13:474 BROKER/(10807:10807): Desde el main veo IP=127.0.0.1 y PUERTO=5009
[INFO] 02:06:13:474 BROKER/(10807:10807): ESCHUCHANDO CONEXIONES
[INFO] 02:06:13:474 BROKER/(10807:10807): iiiiIIIII!!!
[INFO] 02:06:13:474 BROKER/(10807:10807): Falló al aceptar conexión
[INFO] 02:06:31:71 BROKER/(10810:10810): TAMANO_MEMORIA=2048
[INFO] 02:06:31:71 BROKER/(10810:10810): TAMANO_MINIMO_PARTICION=32
[INFO] 02:06:31:71 BROKER/(10810:10810): ALGORITMO_MEMORIA=BS
[INFO] 02:06:31:71 BROKER/(10810:10810): ALGORITMO_REEMPLAZO=FIFO
[INFO] 02:06:31:72 BROKER/(10810:10810): IP_BROKER=127.0.0.1
[INFO] 02:06:31:72 BROKER/(10810:10810): PUERTO_BROKER=5009
[INFO] 02:06:31:72 BROKER/(10810:10810): FRECUENCIA_COMPACTACION=3
[INFO] 02:06:31:72 BROKER/(10810:10810): LOG_FILE=BROKER.log
[INFO] 02:06:31:72 BROKER/(10810:10810): - CONFIGURACION IMPORTADA

[INFO] 02:06:31:73 BROKER/(10810:10810): Desde el main veo IP=127.0.0.1 y PUERTO=5009
[INFO] 02:06:31:73 BROKER/(10810:10810): ESCHUCHANDO CONEXIONES
[INFO] 02:06:31:73 BROKER/(10810:10810): iiiiIIIII!!!
[INFO] 02:06:33:156 BROKER/(10810:10810): Se ha aceptado una conexion: 5

[INFO] 02:06:33:156 BROKER/(10810:10810): Handler asignado

[INFO] 02:06:33:160 BROKER/(10810:10812): Estoy dentro del handler loco

[INFO] 02:06:37:763 BROKER/(10810:10810): Se ha aceptado una conexion: 7

[INFO] 02:06:37:763 BROKER/(10810:10810): Handler asignado

[INFO] 02:06:37:768 BROKER/(10810:10819): Estoy dentro del handler loco

[INFO] 02:07:42:836 BROKER/(10906:10906): TAMANO_MEMORIA=2048
[INFO] 02:07:42:842 BROKER/(10906:10906): TAMANO_MINIMO_PARTICION=32
[INFO] 02:07:42:843 BROKER/(10906:10906): ALGORITMO_MEMORIA=BS
[INFO] 02:07:42:843 BROKER/(10906:10906): ALGORITMO_REEMPLAZO=FIFO
[INFO] 02:07:42:843 BROKER/(10906:10906): IP_BROKER=127.0.0.1
[INFO] 02:07:42:843 BROKER/(10906:10906): PUERTO_BROKER=5009
[INFO] 02:07:42:843 BROKER/(10906:10906): FRECUENCIA_COMPACTACION=3
[INFO] 02:07:42:843 BROKER/(10906:10906): LOG_FILE=BROKER.log
[INFO] 02:07:42:844 BROKER/(10906:10906): - CONFIGURACION IMPORTADA

[INFO] 02:07:42:844 BROKER/(10906:10906): Desde el main veo IP=127.0.0.1 y PUERTO=5009
[INFO] 02:07:42:844 BROKER/(10906:10906): ESCHUCHANDO CONEXIONES
[INFO] 02:07:42:844 BROKER/(10906:10906): iiiiIIIII!!!
[INFO] 02:07:45:334 BROKER/(10906:10906): Se ha aceptado una conexion: 5

[INFO] 02:07:45:334 BROKER/(10906:10906): Handler asignado

[INFO] 02:07:45:338 BROKER/(10906:10908): Estoy dentro del handler loco

[INFO] 02:07:49:620 BROKER/(10906:10906): Se ha aceptado una conexion: 7

[INFO] 02:07:49:620 BROKER/(10906:10906): Handler asignado

[INFO] 02:07:49:624 BROKER/(10906:10910): Estoy dentro del handler loco

[INFO] 02:07:53:508 BROKER/(10906:10906): Se ha aceptado una conexion: 8

[INFO] 02:07:53:508 BROKER/(10906:10906): Handler asignado

[INFO] 02:07:53:512 BROKER/(10906:10912): Estoy dentro del handler loco

[INFO] 02:07:54:292 BROKER/(10906:10906): Se ha aceptado una conexion: 9

[INFO] 02:07:54:293 BROKER/(10906:10906): Handler asignado

[INFO] 02:07:54:297 BROKER/(10906:10914): Estoy dentro del handler loco

[INFO] 02:07:54:860 BROKER/(10906:10906): Se ha aceptado una conexion: 10

[INFO] 02:07:54:860 BROKER/(10906:10906): Handler asignado

[INFO] 02:07:54:864 BROKER/(10906:10916): Estoy dentro del handler loco

[INFO] 02:08:11:899 BROKER/(10906:10906): Se ha aceptado una conexion: 11

[INFO] 02:08:11:899 BROKER/(10906:10906): Handler asignado

[INFO] 02:08:11:904 BROKER/(10906:10937): Estoy dentro del handler loco

[INFO] 02:08:15:529 BROKER/(10906:10906): Se ha aceptado una conexion: 12

[INFO] 02:08:15:529 BROKER/(10906:10906): Handler asignado

[INFO] 02:08:15:533 BROKER/(10906:10939): Estoy dentro del handler loco

[INFO] 02:08:16:593 BROKER/(10906:10906): Se ha aceptado una conexion: 13

[INFO] 02:08:16:593 BROKER/(10906:10906): Handler asignado

[INFO] 02:08:16:597 BROKER/(10906:10941): Estoy dentro del handler loco

